[2022-12-24 16:33:48] [INFO] [TestCase_Model.py]/[line: 35]/[create] 将要存储的内容为<======<TestCaseModel (transient 2162039201216)> 
[2022-12-24 16:40:32] [INFO] [TestCase_Model.py]/[line: 38]/[create] 将要存储的内容为<======<TestCaseModel (transient 2057381748160)> 
[2022-12-24 16:53:58] [INFO] [TestCase.py]/[line: 40]/[create] 查询表结果：None 
[2022-12-24 16:53:58] [INFO] [TestCase_Model.py]/[line: 39]/[create] 将要存储的内容为<======<TestCaseModel (transient 3027989311248)> 
[2022-12-25 14:32:33] [INFO] [TestCase.py]/[line: 40]/[create] 查询表结果：None 
[2022-12-25 14:32:33] [INFO] [TestCase_Model.py]/[line: 37]/[create] 将要存储的内容为<======<TestCaseModel (transient 1711913016432)> 
[2022-12-25 14:32:33] [INFO] [TestCase.py]/[line: 18]/[get] <TestCaseModel 1> 
[2022-12-25 14:32:33] [INFO] [TestCase.py]/[line: 31]/[get] 要返回的数据为<======[{'id': 1, 'case_title': 'test_contact.py', 'remark': '企业微信测试用例'}] 
[2022-12-25 21:09:12] [INFO] [TestCase.py]/[line: 40]/[create] 查询表结果：None 
[2022-12-25 21:09:12] [INFO] [TestCase_Model.py]/[line: 35]/[create] 将要存储的内容为<======<TestCaseModel (transient 1828378783168)> 
[2022-12-25 21:09:12] [INFO] [TestCase.py]/[line: 18]/[get] <TestCaseModel 1> 
[2022-12-25 21:09:12] [INFO] [TestCase.py]/[line: 31]/[get] 要返回的数据为<======[{'id': 1, 'case_title': 'test_contact.py', 'remark': '企业微信测试用例'}] 
[2022-12-25 21:09:42] [INFO] [TestCase.py]/[line: 40]/[create] 查询表结果：None 
[2022-12-25 21:09:42] [INFO] [TestCase_Model.py]/[line: 35]/[create] 将要存储的内容为<======<TestCaseModel (transient 1386412654016)> 
[2022-12-25 21:09:42] [INFO] [TestCase.py]/[line: 18]/[get] <TestCaseModel 2> 
[2022-12-25 21:09:42] [INFO] [TestCase.py]/[line: 31]/[get] 要返回的数据为<======[{'id': 2, 'case_title': 'test_contact2.py', 'remark': '企业微信测试用例2'}] 
[2022-12-25 21:11:12] [INFO] [Plan.py]/[line: 67]/[get] 获取到的测试计划的数据为->[{'id': 1, 'name': '企业微信计划', 'testcase_info': ['test_contact.py']}] 
[2022-12-25 21:11:12] [INFO] [Plan.py]/[line: 67]/[get] 获取到的测试计划的数据为->[{'id': 1, 'name': '企业微信计划', 'testcase_info': ['test_contact.py']}] 
[2022-12-25 21:12:08] [INFO] [Plan.py]/[line: 67]/[get] 获取到的测试计划的数据为->[{'id': 2, 'name': '企业微信计划2', 'testcase_info': ['test_contact2.py']}] 
[2022-12-25 21:27:10] [INFO] [Plan.py]/[line: 67]/[get] 获取到的测试计划的数据为->[{'id': 3, 'name': '企业微信计划3', 'testcase_info': ['test_contact.py', 'test_contact2.py']}] 
[2022-12-25 21:27:10] [INFO] [Plan.py]/[line: 67]/[get] 获取到的测试计划的数据为->[{'id': 2, 'name': '企业微信计划2', 'testcase_info': ['test_contact2.py']}] 
[2022-12-25 22:22:14] [INFO] [Plan.py]/[line: 67]/[get] 获取到的测试计划的数据为->[{'id': 4, 'name': '测试计划', 'testcase_info': ['test_contact.py']}] 
[2022-12-25 22:22:15] [INFO] [Plan.py]/[line: 67]/[get] 获取到的测试计划的数据为->[{'id': 4, 'name': '测试计划', 'testcase_info': ['test_contact.py']}] 
[2022-12-25 22:38:35] [INFO] [Build_Server.py]/[line: 34]/[get] 测试计划获取接口接收到的参数 <===== 1 
[2022-12-25 22:38:36] [DEBUG] [Build.py]/[line: 37]/[get_objs_by_plan_id] 获取到的构建记录的列表为[<BuildModel 1>] 
[2022-12-25 22:38:36] [INFO] [Build.py]/[line: 28]/[get] 获取到的构建记录的数据为->[{'plan_id': 1, 'report': 'http://127.0.0.1:7555/allure', 'created_at': '2022-12-25 21:11:12'}] 
[2022-12-25 22:39:11] [INFO] [Plan_Server.py]/[line: 33]/[get] type(request.args) <===== <class 'werkzeug.datastructures.ImmutableMultiDict'> 
[2022-12-25 22:39:11] [INFO] [Plan_Server.py]/[line: 34]/[get] 测试计划获取接口接收到的参数 <===== 1 
[2022-12-25 22:39:11] [DEBUG] [Plan.py]/[line: 74]/[get_objs] 获取到的测试计划的列表为[<PlanModel 1>] 
[2022-12-25 22:39:11] [INFO] [Plan.py]/[line: 66]/[get] 获取到的测试计划的数据为->[{'id': 1, 'name': '企业微信计划', 'testcase_info': ['test_contact.py']}] 
[2022-12-25 22:39:26] [INFO] [Plan_Server.py]/[line: 33]/[get] type(request.args) <===== <class 'werkzeug.datastructures.ImmutableMultiDict'> 
[2022-12-25 22:39:26] [INFO] [Plan_Server.py]/[line: 34]/[get] 测试计划获取接口接收到的参数 <===== 2 
[2022-12-25 22:39:26] [DEBUG] [Plan.py]/[line: 74]/[get_objs] 获取到的测试计划的列表为[<PlanModel 2>] 
[2022-12-25 22:39:26] [INFO] [Plan.py]/[line: 66]/[get] 获取到的测试计划的数据为->[{'id': 2, 'name': '企业微信计划2', 'testcase_info': ['test_contact2.py']}] 
[2022-12-25 22:40:03] [INFO] [Plan_Server.py]/[line: 33]/[get] type(request.args) <===== <class 'werkzeug.datastructures.ImmutableMultiDict'> 
[2022-12-25 22:40:03] [INFO] [Plan_Server.py]/[line: 34]/[get] 测试计划获取接口接收到的参数 <===== 3 
[2022-12-25 22:40:03] [DEBUG] [Plan.py]/[line: 74]/[get_objs] 获取到的测试计划的列表为[<PlanModel 3>] 
[2022-12-25 22:40:03] [INFO] [Plan.py]/[line: 66]/[get] 获取到的测试计划的数据为->[{'id': 3, 'name': '企业微信计划3', 'testcase_info': ['test_contact.py', 'test_contact2.py']}] 
[2022-12-25 22:40:15] [INFO] [Plan_Server.py]/[line: 33]/[get] type(request.args) <===== <class 'werkzeug.datastructures.ImmutableMultiDict'> 
[2022-12-25 22:40:15] [INFO] [Plan_Server.py]/[line: 34]/[get] 测试计划获取接口接收到的参数 <===== 4 
[2022-12-25 22:40:15] [DEBUG] [Plan.py]/[line: 74]/[get_objs] 获取到的测试计划的列表为[<PlanModel 4>] 
[2022-12-25 22:40:15] [INFO] [Plan.py]/[line: 66]/[get] 获取到的测试计划的数据为->[{'id': 4, 'name': '测试计划', 'testcase_info': ['test_contact.py']}] 
[2022-12-25 22:49:01] [INFO] [Plan_Server.py]/[line: 54]/[post] 测试计划新增接口接收到的参数<====== {'name': '企业微信计划9', 'testcases': '[2]'} 
[2022-12-25 22:49:01] [DEBUG] [Plan.py]/[line: 45]/[create] 测试列表[2]，获取到的测试用例的对象为[<TestCaseModel 2>] 
[2022-12-25 22:49:01] [DEBUG] [Plan_Model.py]/[line: 49]/[create] 创建的测试计划的ID为->5 
[2022-12-25 22:49:01] [DEBUG] [Plan.py]/[line: 74]/[get_objs] 获取到的测试计划的列表为[<PlanModel 5>] 
[2022-12-25 22:49:01] [INFO] [Plan.py]/[line: 66]/[get] 获取到的测试计划的数据为->[{'id': 5, 'name': '企业微信计划9', 'testcase_info': ['test_contact2.py']}] 
[2022-12-25 22:49:01] [DEBUG] [Plan.py]/[line: 26]/[execute] 测试计划5，要执行的的测试用例内容test_contact2.py 
[2022-12-25 22:49:02] [DEBUG] [Build.py]/[line: 46]/[create] 创建构建记录对应的计划id为5， 测试报告为http://43.142.75.212:8080/job/wechat/13/allure 
[2022-12-25 22:49:20] [INFO] [Plan_Server.py]/[line: 33]/[get] type(request.args) <===== <class 'werkzeug.datastructures.ImmutableMultiDict'> 
[2022-12-25 22:49:20] [INFO] [Plan_Server.py]/[line: 34]/[get] 测试计划获取接口接收到的参数 <===== 5 
[2022-12-25 22:49:20] [DEBUG] [Plan.py]/[line: 74]/[get_objs] 获取到的测试计划的列表为[<PlanModel 5>] 
[2022-12-25 22:49:20] [INFO] [Plan.py]/[line: 66]/[get] 获取到的测试计划的数据为->[{'id': 5, 'name': '企业微信计划9', 'testcase_info': ['test_contact2.py']}] 
[2022-12-25 22:49:55] [INFO] [Build_Server.py]/[line: 34]/[get] 测试计划获取接口接收到的参数 <===== 4 
[2022-12-25 22:49:55] [DEBUG] [Build.py]/[line: 37]/[get_objs_by_plan_id] 获取到的构建记录的列表为[<BuildModel 4>] 
[2022-12-25 22:49:55] [INFO] [Build.py]/[line: 28]/[get] 获取到的构建记录的数据为->[{'plan_id': 4, 'report': '8888888888', 'created_at': '2022-12-25 22:22:14'}] 
[2022-12-25 22:50:02] [INFO] [Build_Server.py]/[line: 34]/[get] 测试计划获取接口接收到的参数 <===== 5 
[2022-12-25 22:50:02] [DEBUG] [Build.py]/[line: 37]/[get_objs_by_plan_id] 获取到的构建记录的列表为[<BuildModel 5>] 
[2022-12-25 22:50:02] [INFO] [Build.py]/[line: 28]/[get] 获取到的构建记录的数据为->[{'plan_id': 5, 'report': 'http://43.142.75.212:8080/job/wechat/13/allure', 'created_at': '2022-12-25 22:38:05'}] 
[2022-12-26 14:49:17] [INFO] [Build_Server.py]/[line: 34]/[get] 测试计划获取接口接收到的参数 <===== 2 
[2022-12-26 14:49:17] [DEBUG] [Build.py]/[line: 37]/[get_objs_by_plan_id] 获取到的构建记录的列表为[] 
[2022-12-26 14:49:17] [INFO] [Build.py]/[line: 28]/[get] 获取到的构建记录的数据为->[] 
[2022-12-26 14:50:31] [INFO] [Build_Server.py]/[line: 34]/[get] 测试计划获取接口接收到的参数 <===== 5 
[2022-12-26 14:50:31] [DEBUG] [Build.py]/[line: 37]/[get_objs_by_plan_id] 获取到的构建记录的列表为[<BuildModel 5>] 
[2022-12-26 14:50:31] [INFO] [Build.py]/[line: 28]/[get] 获取到的构建记录的数据为->[{'plan_id': 5, 'report': 'http://43.142.75.212:8080/job/wechat/13/allure', 'created_at': '2022-12-25 22:38:05'}] 
[2022-12-26 14:51:03] [INFO] [Plan_Server.py]/[line: 33]/[get] type(request.args) <===== <class 'werkzeug.datastructures.ImmutableMultiDict'> 
[2022-12-26 14:51:03] [INFO] [Plan_Server.py]/[line: 34]/[get] 测试计划获取接口接收到的参数 <===== 1 
[2022-12-26 14:51:03] [DEBUG] [Plan.py]/[line: 74]/[get_objs] 获取到的测试计划的列表为[<PlanModel 1>] 
[2022-12-26 14:51:03] [INFO] [Plan.py]/[line: 66]/[get] 获取到的测试计划的数据为->[{'id': 1, 'name': '企业微信计划', 'testcase_info': ['test_contact.py']}] 
[2022-12-26 14:51:17] [INFO] [TestCase_Server.py]/[line: 33]/[get] type(request.args) <===== <class 'werkzeug.datastructures.ImmutableMultiDict'> 
[2022-12-26 14:51:17] [INFO] [TestCase_Server.py]/[line: 34]/[get] 接收到的参数 <===== 1 
[2022-12-26 14:51:17] [INFO] [TestCase.py]/[line: 18]/[get] <TestCaseModel 1> 
[2022-12-26 14:51:17] [INFO] [TestCase.py]/[line: 31]/[get] 要返回的数据为<======[{'id': 1, 'case_title': 'test_contact.py', 'remark': '企业微信测试用例'}] 
[2022-12-26 14:53:03] [INFO] [TestCase_Server.py]/[line: 55]/[post] 接收到的参数<====== {'id': 3, 'case_title': 'test_contact7.py', 'remark': '企业微信自动化555'} 
[2022-12-26 14:53:03] [INFO] [TestCase.py]/[line: 40]/[create] 查询表结果：None 
[2022-12-26 14:53:03] [INFO] [TestCase_Model.py]/[line: 35]/[create] 将要存储的内容为<======<TestCaseModel (transient 2756878483216)> 
[2022-12-26 14:53:18] [INFO] [TestCase_Server.py]/[line: 33]/[get] type(request.args) <===== <class 'werkzeug.datastructures.ImmutableMultiDict'> 
[2022-12-26 14:53:18] [INFO] [TestCase_Server.py]/[line: 34]/[get] 接收到的参数 <===== 3 
[2022-12-26 14:53:18] [INFO] [TestCase.py]/[line: 18]/[get] <TestCaseModel 3> 
[2022-12-26 14:53:18] [INFO] [TestCase.py]/[line: 31]/[get] 要返回的数据为<======[{'id': 3, 'case_title': 'test_contact7.py', 'remark': '企业微信自动化555'}] 
[2022-12-26 14:53:58] [INFO] [TestCase_Server.py]/[line: 81]/[put] 接收到的参数<====== {'id': 3, 'case_title': 'test_contact8.py', 'remark': 'iiiiiiiii'} 
[2022-12-26 14:53:58] [INFO] [TestCase_Server.py]/[line: 85]/[put] 查询表结果：<TestCaseModel 3> 
[2022-12-26 14:54:09] [INFO] [TestCase_Server.py]/[line: 33]/[get] type(request.args) <===== <class 'werkzeug.datastructures.ImmutableMultiDict'> 
[2022-12-26 14:54:09] [INFO] [TestCase_Server.py]/[line: 34]/[get] 接收到的参数 <===== 3 
[2022-12-26 14:54:09] [INFO] [TestCase.py]/[line: 18]/[get] <TestCaseModel 3> 
[2022-12-26 14:54:09] [INFO] [TestCase.py]/[line: 31]/[get] 要返回的数据为<======[{'id': 3, 'case_title': 'test_contact8.py', 'remark': 'iiiiiiiii'}] 
[2022-12-26 14:55:02] [INFO] [TestCase_Server.py]/[line: 111]/[delete] 接收到的参数id <=====3 
[2022-12-26 14:55:14] [INFO] [TestCase_Server.py]/[line: 33]/[get] type(request.args) <===== <class 'werkzeug.datastructures.ImmutableMultiDict'> 
[2022-12-26 14:55:14] [INFO] [TestCase_Server.py]/[line: 34]/[get] 接收到的参数 <===== 3 
[2022-12-26 14:55:15] [INFO] [TestCase.py]/[line: 18]/[get] None 
[2022-12-26 14:55:15] [INFO] [TestCase.py]/[line: 31]/[get] 要返回的数据为<======[] 
[2022-12-27 00:10:12] [INFO] [TestCase_Server.py]/[line: 33]/[get] type(request.args) <===== <class 'werkzeug.datastructures.ImmutableMultiDict'> 
[2022-12-27 00:10:12] [INFO] [TestCase_Server.py]/[line: 34]/[get] 接收到的参数 <===== 1 
[2022-12-27 00:10:13] [INFO] [TestCase.py]/[line: 18]/[get] <TestCaseModel 1> 
[2022-12-27 00:10:13] [INFO] [TestCase.py]/[line: 31]/[get] 要返回的数据为<======[{'id': 1, 'case_title': 'test_contact.py', 'remark': '企业微信测试用例'}] 
[2022-12-27 14:15:09] [INFO] [TestCase_Server.py]/[line: 33]/[get] type(request.args) <===== <class 'werkzeug.datastructures.ImmutableMultiDict'> 
[2022-12-27 14:15:09] [INFO] [TestCase_Server.py]/[line: 34]/[get] 接收到的参数 <===== None 
[2022-12-27 14:15:09] [INFO] [TestCase.py]/[line: 31]/[get] 要返回的数据为<======[{'id': 1, 'case_title': 'test_contact.py', 'remark': '企业微信测试用例'}, {'id': 2, 'case_title': 'test_contact2.py', 'remark': '企业微信测试用例2'}] 
[2022-12-27 14:16:54] [INFO] [TestCase_Server.py]/[line: 33]/[get] type(request.args) <===== <class 'werkzeug.datastructures.ImmutableMultiDict'> 
[2022-12-27 14:16:54] [INFO] [TestCase_Server.py]/[line: 34]/[get] 接收到的参数 <===== None 
[2022-12-27 14:16:54] [INFO] [TestCase.py]/[line: 31]/[get] 要返回的数据为<======[{'id': 1, 'case_title': 'test_contact.py', 'remark': '企业微信测试用例'}, {'id': 2, 'case_title': 'test_contact2.py', 'remark': '企业微信测试用例2'}] 
[2022-12-27 14:22:58] [INFO] [TestCase_Server.py]/[line: 33]/[get] type(request.args) <===== <class 'werkzeug.datastructures.ImmutableMultiDict'> 
[2022-12-27 14:22:58] [INFO] [TestCase_Server.py]/[line: 34]/[get] 接收到的参数 <===== None 
[2022-12-27 14:22:58] [INFO] [TestCase.py]/[line: 31]/[get] 要返回的数据为<======[{'id': 1, 'case_title': 'test_contact.py', 'remark': '企业微信测试用例'}, {'id': 2, 'case_title': 'test_contact2.py', 'remark': '企业微信测试用例2'}] 
[2022-12-27 14:24:09] [INFO] [TestCase_Server.py]/[line: 33]/[get] type(request.args) <===== <class 'werkzeug.datastructures.ImmutableMultiDict'> 
[2022-12-27 14:24:09] [INFO] [TestCase_Server.py]/[line: 34]/[get] 接收到的参数 <===== None 
[2022-12-27 14:24:09] [INFO] [TestCase.py]/[line: 31]/[get] 要返回的数据为<======[{'id': 1, 'case_title': 'test_contact.py', 'remark': '企业微信测试用例'}, {'id': 2, 'case_title': 'test_contact2.py', 'remark': '企业微信测试用例2'}] 
[2022-12-27 14:26:05] [INFO] [TestCase_Server.py]/[line: 33]/[get] type(request.args) <===== <class 'werkzeug.datastructures.ImmutableMultiDict'> 
[2022-12-27 14:26:05] [INFO] [TestCase_Server.py]/[line: 34]/[get] 接收到的参数 <===== None 
[2022-12-27 14:26:05] [INFO] [TestCase.py]/[line: 31]/[get] 要返回的数据为<======[{'id': 1, 'case_title': 'test_contact.py', 'remark': '企业微信测试用例'}, {'id': 2, 'case_title': 'test_contact2.py', 'remark': '企业微信测试用例2'}] 
[2022-12-27 14:26:36] [INFO] [TestCase_Server.py]/[line: 33]/[get] type(request.args) <===== <class 'werkzeug.datastructures.ImmutableMultiDict'> 
[2022-12-27 14:26:36] [INFO] [TestCase_Server.py]/[line: 34]/[get] 接收到的参数 <===== None 
[2022-12-27 14:26:36] [INFO] [TestCase.py]/[line: 31]/[get] 要返回的数据为<======[{'id': 1, 'case_title': 'test_contact.py', 'remark': '企业微信测试用例'}, {'id': 2, 'case_title': 'test_contact2.py', 'remark': '企业微信测试用例2'}] 
[2022-12-27 14:26:36] [INFO] [TestCase_Server.py]/[line: 33]/[get] type(request.args) <===== <class 'werkzeug.datastructures.ImmutableMultiDict'> 
[2022-12-27 14:26:36] [INFO] [TestCase_Server.py]/[line: 34]/[get] 接收到的参数 <===== None 
[2022-12-27 14:26:36] [INFO] [TestCase.py]/[line: 31]/[get] 要返回的数据为<======[{'id': 1, 'case_title': 'test_contact.py', 'remark': '企业微信测试用例'}, {'id': 2, 'case_title': 'test_contact2.py', 'remark': '企业微信测试用例2'}] 
[2022-12-27 14:30:20] [INFO] [TestCase_Server.py]/[line: 33]/[get] type(request.args) <===== <class 'werkzeug.datastructures.ImmutableMultiDict'> 
[2022-12-27 14:30:20] [INFO] [TestCase_Server.py]/[line: 34]/[get] 接收到的参数 <===== None 
[2022-12-27 14:30:20] [INFO] [TestCase.py]/[line: 31]/[get] 要返回的数据为<======[{'id': 1, 'case_title': 'test_contact.py', 'remark': '企业微信测试用例'}, {'id': 2, 'case_title': 'test_contact2.py', 'remark': '企业微信测试用例2'}] 
[2022-12-27 14:30:20] [INFO] [TestCase_Server.py]/[line: 33]/[get] type(request.args) <===== <class 'werkzeug.datastructures.ImmutableMultiDict'> 
[2022-12-27 14:30:20] [INFO] [TestCase_Server.py]/[line: 34]/[get] 接收到的参数 <===== None 
[2022-12-27 14:30:20] [INFO] [TestCase.py]/[line: 31]/[get] 要返回的数据为<======[{'id': 1, 'case_title': 'test_contact.py', 'remark': '企业微信测试用例'}, {'id': 2, 'case_title': 'test_contact2.py', 'remark': '企业微信测试用例2'}] 
[2022-12-27 14:34:15] [INFO] [TestCase_Server.py]/[line: 33]/[get] type(request.args) <===== <class 'werkzeug.datastructures.ImmutableMultiDict'> 
[2022-12-27 14:34:15] [INFO] [TestCase_Server.py]/[line: 34]/[get] 接收到的参数 <===== None 
[2022-12-27 14:34:15] [INFO] [TestCase.py]/[line: 31]/[get] 要返回的数据为<======[{'id': 1, 'case_title': 'test_contact.py', 'remark': '企业微信测试用例'}, {'id': 2, 'case_title': 'test_contact2.py', 'remark': '企业微信测试用例2'}] 
[2022-12-27 14:36:38] [INFO] [TestCase_Server.py]/[line: 33]/[get] type(request.args) <===== <class 'werkzeug.datastructures.ImmutableMultiDict'> 
[2022-12-27 14:36:38] [INFO] [TestCase_Server.py]/[line: 34]/[get] 接收到的参数 <===== None 
[2022-12-27 14:36:38] [INFO] [TestCase.py]/[line: 31]/[get] 要返回的数据为<======[{'id': 1, 'case_title': 'test_contact.py', 'remark': '企业微信测试用例'}, {'id': 2, 'case_title': 'test_contact2.py', 'remark': '企业微信测试用例2'}] 
[2022-12-27 14:36:38] [INFO] [TestCase_Server.py]/[line: 33]/[get] type(request.args) <===== <class 'werkzeug.datastructures.ImmutableMultiDict'> 
[2022-12-27 14:36:38] [INFO] [TestCase_Server.py]/[line: 34]/[get] 接收到的参数 <===== None 
[2022-12-27 14:36:38] [INFO] [TestCase.py]/[line: 31]/[get] 要返回的数据为<======[{'id': 1, 'case_title': 'test_contact.py', 'remark': '企业微信测试用例'}, {'id': 2, 'case_title': 'test_contact2.py', 'remark': '企业微信测试用例2'}] 
[2022-12-27 14:38:17] [INFO] [TestCase_Server.py]/[line: 33]/[get] type(request.args) <===== <class 'werkzeug.datastructures.ImmutableMultiDict'> 
[2022-12-27 14:38:17] [INFO] [TestCase_Server.py]/[line: 34]/[get] 接收到的参数 <===== None 
[2022-12-27 14:38:17] [INFO] [TestCase.py]/[line: 31]/[get] 要返回的数据为<======[{'id': 1, 'case_title': 'test_contact.py', 'remark': '企业微信测试用例'}, {'id': 2, 'case_title': 'test_contact2.py', 'remark': '企业微信测试用例2'}] 
[2022-12-27 14:39:10] [INFO] [TestCase_Server.py]/[line: 33]/[get] type(request.args) <===== <class 'werkzeug.datastructures.ImmutableMultiDict'> 
[2022-12-27 14:39:10] [INFO] [TestCase_Server.py]/[line: 34]/[get] 接收到的参数 <===== None 
[2022-12-27 14:39:11] [INFO] [TestCase.py]/[line: 31]/[get] 要返回的数据为<======[{'id': 1, 'case_title': 'test_contact.py', 'remark': '企业微信测试用例'}, {'id': 2, 'case_title': 'test_contact2.py', 'remark': '企业微信测试用例2'}] 
[2022-12-27 14:44:44] [INFO] [TestCase_Server.py]/[line: 33]/[get] type(request.args) <===== <class 'werkzeug.datastructures.ImmutableMultiDict'> 
[2022-12-27 14:44:44] [INFO] [TestCase_Server.py]/[line: 34]/[get] 接收到的参数 <===== None 
[2022-12-27 14:44:45] [INFO] [TestCase.py]/[line: 31]/[get] 要返回的数据为<======[{'id': 1, 'case_title': 'test_contact.py', 'remark': '企业微信测试用例'}, {'id': 2, 'case_title': 'test_contact2.py', 'remark': '企业微信测试用例2'}] 
[2022-12-27 14:45:16] [INFO] [TestCase_Server.py]/[line: 33]/[get] type(request.args) <===== <class 'werkzeug.datastructures.ImmutableMultiDict'> 
[2022-12-27 14:45:16] [INFO] [TestCase_Server.py]/[line: 34]/[get] 接收到的参数 <===== None 
[2022-12-27 14:45:17] [INFO] [TestCase.py]/[line: 31]/[get] 要返回的数据为<======[{'id': 1, 'case_title': 'test_contact.py', 'remark': '企业微信测试用例'}, {'id': 2, 'case_title': 'test_contact2.py', 'remark': '企业微信测试用例2'}] 
[2022-12-27 14:47:09] [INFO] [TestCase_Server.py]/[line: 33]/[get] type(request.args) <===== <class 'werkzeug.datastructures.ImmutableMultiDict'> 
[2022-12-27 14:47:09] [INFO] [TestCase_Server.py]/[line: 34]/[get] 接收到的参数 <===== None 
[2022-12-27 14:47:09] [INFO] [TestCase.py]/[line: 31]/[get] 要返回的数据为<======[{'id': 1, 'case_title': 'test_contact.py', 'remark': '企业微信测试用例'}, {'id': 2, 'case_title': 'test_contact2.py', 'remark': '企业微信测试用例2'}] 
[2022-12-27 14:50:48] [INFO] [TestCase_Server.py]/[line: 33]/[get] type(request.args) <===== <class 'werkzeug.datastructures.ImmutableMultiDict'> 
[2022-12-27 14:50:48] [INFO] [TestCase_Server.py]/[line: 34]/[get] 接收到的参数 <===== None 
[2022-12-27 14:50:48] [INFO] [TestCase.py]/[line: 31]/[get] 要返回的数据为<======[{'id': 1, 'case_title': 'test_contact.py', 'remark': '企业微信测试用例'}, {'id': 2, 'case_title': 'test_contact2.py', 'remark': '企业微信测试用例2'}] 
[2022-12-27 14:56:51] [INFO] [TestCase_Server.py]/[line: 33]/[get] type(request.args) <===== <class 'werkzeug.datastructures.ImmutableMultiDict'> 
[2022-12-27 14:56:51] [INFO] [TestCase_Server.py]/[line: 34]/[get] 接收到的参数 <===== None 
[2022-12-27 14:56:51] [INFO] [TestCase.py]/[line: 31]/[get] 要返回的数据为<======[{'id': 1, 'case_title': 'test_contact.py', 'remark': '企业微信测试用例'}, {'id': 2, 'case_title': 'test_contact2.py', 'remark': '企业微信测试用例2'}] 
[2022-12-27 15:14:20] [INFO] [TestCase_Server.py]/[line: 33]/[get] type(request.args) <===== <class 'werkzeug.datastructures.ImmutableMultiDict'> 
[2022-12-27 15:14:20] [INFO] [TestCase_Server.py]/[line: 34]/[get] 接收到的参数 <===== None 
[2022-12-27 15:14:22] [INFO] [TestCase_Server.py]/[line: 33]/[get] type(request.args) <===== <class 'werkzeug.datastructures.ImmutableMultiDict'> 
[2022-12-27 15:14:22] [INFO] [TestCase_Server.py]/[line: 34]/[get] 接收到的参数 <===== None 
[2022-12-27 15:19:11] [INFO] [TestCase_Server.py]/[line: 33]/[get] type(request.args) <===== <class 'werkzeug.datastructures.ImmutableMultiDict'> 
[2022-12-27 15:19:11] [INFO] [TestCase_Server.py]/[line: 34]/[get] 接收到的参数 <===== None 
[2022-12-27 15:19:13] [INFO] [TestCase_Server.py]/[line: 33]/[get] type(request.args) <===== <class 'werkzeug.datastructures.ImmutableMultiDict'> 
[2022-12-27 15:19:13] [INFO] [TestCase_Server.py]/[line: 34]/[get] 接收到的参数 <===== None 
[2022-12-27 15:21:32] [INFO] [TestCase_Server.py]/[line: 33]/[get] type(request.args) <===== <class 'werkzeug.datastructures.ImmutableMultiDict'> 
[2022-12-27 15:21:32] [INFO] [TestCase_Server.py]/[line: 34]/[get] 接收到的参数 <===== None 
[2022-12-27 15:21:44] [INFO] [TestCase_Server.py]/[line: 33]/[get] type(request.args) <===== <class 'werkzeug.datastructures.ImmutableMultiDict'> 
[2022-12-27 15:21:44] [INFO] [TestCase_Server.py]/[line: 34]/[get] 接收到的参数 <===== None 
[2022-12-27 15:24:57] [INFO] [TestCase_Server.py]/[line: 33]/[get] type(request.args) <===== <class 'werkzeug.datastructures.ImmutableMultiDict'> 
[2022-12-27 15:24:57] [INFO] [TestCase_Server.py]/[line: 34]/[get] 接收到的参数 <===== None 
[2022-12-27 15:24:59] [INFO] [TestCase_Server.py]/[line: 33]/[get] type(request.args) <===== <class 'werkzeug.datastructures.ImmutableMultiDict'> 
[2022-12-27 15:24:59] [INFO] [TestCase_Server.py]/[line: 34]/[get] 接收到的参数 <===== None 
[2022-12-27 15:26:18] [INFO] [TestCase_Server.py]/[line: 33]/[get] type(request.args) <===== <class 'werkzeug.datastructures.ImmutableMultiDict'> 
[2022-12-27 15:26:18] [INFO] [TestCase_Server.py]/[line: 34]/[get] 接收到的参数 <===== None 
[2022-12-27 15:26:20] [INFO] [TestCase_Server.py]/[line: 33]/[get] type(request.args) <===== <class 'werkzeug.datastructures.ImmutableMultiDict'> 
[2022-12-27 15:26:20] [INFO] [TestCase_Server.py]/[line: 34]/[get] 接收到的参数 <===== None 
[2022-12-27 15:27:23] [INFO] [TestCase_Server.py]/[line: 33]/[get] type(request.args) <===== <class 'werkzeug.datastructures.ImmutableMultiDict'> 
[2022-12-27 15:27:23] [INFO] [TestCase_Server.py]/[line: 34]/[get] 接收到的参数 <===== None 
[2022-12-27 15:28:45] [INFO] [TestCase_Server.py]/[line: 33]/[get] type(request.args) <===== <class 'werkzeug.datastructures.ImmutableMultiDict'> 
[2022-12-27 15:28:45] [INFO] [TestCase_Server.py]/[line: 34]/[get] 接收到的参数 <===== None 
[2022-12-27 15:28:48] [INFO] [TestCase_Server.py]/[line: 33]/[get] type(request.args) <===== <class 'werkzeug.datastructures.ImmutableMultiDict'> 
[2022-12-27 15:28:48] [INFO] [TestCase_Server.py]/[line: 34]/[get] 接收到的参数 <===== None 
[2022-12-27 15:28:52] [INFO] [TestCase_Server.py]/[line: 33]/[get] type(request.args) <===== <class 'werkzeug.datastructures.ImmutableMultiDict'> 
[2022-12-27 15:28:52] [INFO] [TestCase_Server.py]/[line: 34]/[get] 接收到的参数 <===== None 
[2022-12-27 15:30:12] [INFO] [TestCase_Server.py]/[line: 33]/[get] type(request.args) <===== <class 'werkzeug.datastructures.ImmutableMultiDict'> 
[2022-12-27 15:30:12] [INFO] [TestCase_Server.py]/[line: 34]/[get] 接收到的参数 <===== None 
[2022-12-27 15:31:09] [INFO] [TestCase_Server.py]/[line: 33]/[get] type(request.args) <===== <class 'werkzeug.datastructures.ImmutableMultiDict'> 
[2022-12-27 15:31:09] [INFO] [TestCase_Server.py]/[line: 34]/[get] 接收到的参数 <===== 1 
[2022-12-27 15:31:10] [INFO] [TestCase.py]/[line: 18]/[get] <TestCaseModel 1> 
[2022-12-27 15:31:10] [INFO] [TestCase.py]/[line: 31]/[get] 要返回的数据为<======[{'id': 1, 'case_title': 'test_contact.py', 'remark': '企业微信测试用例'}] 
[2022-12-27 15:31:16] [INFO] [TestCase_Server.py]/[line: 33]/[get] type(request.args) <===== <class 'werkzeug.datastructures.ImmutableMultiDict'> 
[2022-12-27 15:31:16] [INFO] [TestCase_Server.py]/[line: 34]/[get] 接收到的参数 <===== None 
[2022-12-27 15:31:16] [INFO] [TestCase.py]/[line: 31]/[get] 要返回的数据为<======[{'id': 1, 'case_title': 'test_contact.py', 'remark': '企业微信测试用例'}, {'id': 2, 'case_title': 'test_contact2.py', 'remark': '企业微信测试用例2'}] 
[2022-12-27 15:31:26] [INFO] [TestCase_Server.py]/[line: 33]/[get] type(request.args) <===== <class 'werkzeug.datastructures.ImmutableMultiDict'> 
[2022-12-27 15:31:26] [INFO] [TestCase_Server.py]/[line: 34]/[get] 接收到的参数 <===== None 
[2022-12-27 15:31:26] [INFO] [TestCase.py]/[line: 31]/[get] 要返回的数据为<======[{'id': 1, 'case_title': 'test_contact.py', 'remark': '企业微信测试用例'}, {'id': 2, 'case_title': 'test_contact2.py', 'remark': '企业微信测试用例2'}] 
[2022-12-27 15:33:35] [INFO] [TestCase_Server.py]/[line: 33]/[get] type(request.args) <===== <class 'werkzeug.datastructures.ImmutableMultiDict'> 
[2022-12-27 15:33:35] [INFO] [TestCase_Server.py]/[line: 34]/[get] 接收到的参数 <===== None 
[2022-12-27 15:33:35] [INFO] [TestCase.py]/[line: 31]/[get] 要返回的数据为<======[{'id': 1, 'case_title': 'test_contact.py', 'remark': '企业微信测试用例'}, {'id': 2, 'case_title': 'test_contact2.py', 'remark': '企业微信测试用例2'}] 
[2022-12-27 15:35:30] [INFO] [TestCase_Server.py]/[line: 33]/[get] type(request.args) <===== <class 'werkzeug.datastructures.ImmutableMultiDict'> 
[2022-12-27 15:35:30] [INFO] [TestCase_Server.py]/[line: 34]/[get] 接收到的参数 <===== None 
[2022-12-27 15:35:31] [INFO] [TestCase.py]/[line: 31]/[get] 要返回的数据为<======[{'id': 1, 'case_title': 'test_contact.py', 'remark': '企业微信测试用例'}, {'id': 2, 'case_title': 'test_contact2.py', 'remark': '企业微信测试用例2'}] 
[2022-12-27 15:35:31] [INFO] [TestCase_Server.py]/[line: 33]/[get] type(request.args) <===== <class 'werkzeug.datastructures.ImmutableMultiDict'> 
[2022-12-27 15:35:31] [INFO] [TestCase_Server.py]/[line: 34]/[get] 接收到的参数 <===== None 
[2022-12-27 15:35:31] [INFO] [TestCase.py]/[line: 31]/[get] 要返回的数据为<======[{'id': 1, 'case_title': 'test_contact.py', 'remark': '企业微信测试用例'}, {'id': 2, 'case_title': 'test_contact2.py', 'remark': '企业微信测试用例2'}] 
[2022-12-27 15:35:55] [INFO] [TestCase_Server.py]/[line: 33]/[get] type(request.args) <===== <class 'werkzeug.datastructures.ImmutableMultiDict'> 
[2022-12-27 15:35:55] [INFO] [TestCase_Server.py]/[line: 34]/[get] 接收到的参数 <===== None 
[2022-12-27 15:35:55] [INFO] [TestCase.py]/[line: 31]/[get] 要返回的数据为<======[{'id': 1, 'case_title': 'test_contact.py', 'remark': '企业微信测试用例'}, {'id': 2, 'case_title': 'test_contact2.py', 'remark': '企业微信测试用例2'}] 
[2022-12-27 15:42:54] [INFO] [TestCase_Server.py]/[line: 33]/[get] type(request.args) <===== <class 'werkzeug.datastructures.ImmutableMultiDict'> 
[2022-12-27 15:42:54] [INFO] [TestCase_Server.py]/[line: 34]/[get] 接收到的参数 <===== None 
[2022-12-27 15:42:55] [INFO] [TestCase.py]/[line: 31]/[get] 要返回的数据为<======[{'id': 1, 'case_title': 'test_contact.py', 'remark': '企业微信测试用例'}, {'id': 2, 'case_title': 'test_contact2.py', 'remark': '企业微信测试用例2'}] 
[2022-12-27 15:42:55] [INFO] [TestCase_Server.py]/[line: 33]/[get] type(request.args) <===== <class 'werkzeug.datastructures.ImmutableMultiDict'> 
[2022-12-27 15:42:55] [INFO] [TestCase_Server.py]/[line: 34]/[get] 接收到的参数 <===== None 
[2022-12-27 15:42:55] [INFO] [TestCase.py]/[line: 31]/[get] 要返回的数据为<======[{'id': 1, 'case_title': 'test_contact.py', 'remark': '企业微信测试用例'}, {'id': 2, 'case_title': 'test_contact2.py', 'remark': '企业微信测试用例2'}] 
[2022-12-27 15:43:33] [INFO] [TestCase_Server.py]/[line: 55]/[post] 接收到的参数<====== {'id': '4', 'case_title': 'testplam', 'remark': '测试平台'} 
[2022-12-27 15:43:33] [INFO] [TestCase.py]/[line: 40]/[create] 查询表结果：None 
[2022-12-27 15:43:33] [INFO] [TestCase_Model.py]/[line: 35]/[create] 将要存储的内容为<======<TestCaseModel (transient 2153539733872)> 
[2022-12-27 15:43:33] [INFO] [TestCase_Server.py]/[line: 33]/[get] type(request.args) <===== <class 'werkzeug.datastructures.ImmutableMultiDict'> 
[2022-12-27 15:43:33] [INFO] [TestCase_Server.py]/[line: 34]/[get] 接收到的参数 <===== None 
[2022-12-27 15:43:33] [INFO] [TestCase.py]/[line: 31]/[get] 要返回的数据为<======[{'id': 1, 'case_title': 'test_contact.py', 'remark': '企业微信测试用例'}, {'id': 2, 'case_title': 'test_contact2.py', 'remark': '企业微信测试用例2'}, {'id': 4, 'case_title': 'testplam', 'remark': '测试平台'}] 
[2022-12-27 15:46:08] [INFO] [TestCase_Server.py]/[line: 81]/[put] 接收到的参数<====== {'id': 4, 'case_title': 'testplam1', 'remark': '测试平台'} 
[2022-12-27 15:46:08] [INFO] [TestCase_Server.py]/[line: 85]/[put] 查询表结果：<TestCaseModel 4> 
[2022-12-27 15:46:08] [INFO] [TestCase_Server.py]/[line: 33]/[get] type(request.args) <===== <class 'werkzeug.datastructures.ImmutableMultiDict'> 
[2022-12-27 15:46:08] [INFO] [TestCase_Server.py]/[line: 34]/[get] 接收到的参数 <===== None 
[2022-12-27 15:46:08] [INFO] [TestCase.py]/[line: 31]/[get] 要返回的数据为<======[{'id': 1, 'case_title': 'test_contact.py', 'remark': '企业微信测试用例'}, {'id': 2, 'case_title': 'test_contact2.py', 'remark': '企业微信测试用例2'}, {'id': 4, 'case_title': 'testplam1', 'remark': '测试平台'}] 
[2022-12-27 15:50:22] [INFO] [TestCase_Server.py]/[line: 33]/[get] type(request.args) <===== <class 'werkzeug.datastructures.ImmutableMultiDict'> 
[2022-12-27 15:50:22] [INFO] [TestCase_Server.py]/[line: 34]/[get] 接收到的参数 <===== None 
[2022-12-27 15:50:22] [INFO] [TestCase.py]/[line: 31]/[get] 要返回的数据为<======[{'id': 1, 'case_title': 'test_contact.py', 'remark': '企业微信测试用例'}, {'id': 2, 'case_title': 'test_contact2.py', 'remark': '企业微信测试用例2'}, {'id': 4, 'case_title': 'testplam1', 'remark': '测试平台'}] 
[2022-12-27 15:50:23] [INFO] [TestCase_Server.py]/[line: 33]/[get] type(request.args) <===== <class 'werkzeug.datastructures.ImmutableMultiDict'> 
[2022-12-27 15:50:23] [INFO] [TestCase_Server.py]/[line: 34]/[get] 接收到的参数 <===== None 
[2022-12-27 15:50:23] [INFO] [TestCase.py]/[line: 31]/[get] 要返回的数据为<======[{'id': 1, 'case_title': 'test_contact.py', 'remark': '企业微信测试用例'}, {'id': 2, 'case_title': 'test_contact2.py', 'remark': '企业微信测试用例2'}, {'id': 4, 'case_title': 'testplam1', 'remark': '测试平台'}] 
[2022-12-27 15:54:09] [INFO] [TestCase_Server.py]/[line: 33]/[get] type(request.args) <===== <class 'werkzeug.datastructures.ImmutableMultiDict'> 
[2022-12-27 15:54:09] [INFO] [TestCase_Server.py]/[line: 34]/[get] 接收到的参数 <===== None 
[2022-12-27 15:54:09] [INFO] [TestCase.py]/[line: 31]/[get] 要返回的数据为<======[{'id': 1, 'case_title': 'test_contact.py', 'remark': '企业微信测试用例'}, {'id': 2, 'case_title': 'test_contact2.py', 'remark': '企业微信测试用例2'}, {'id': 4, 'case_title': 'testplam1', 'remark': '测试平台'}] 
[2022-12-27 15:54:09] [INFO] [TestCase_Server.py]/[line: 33]/[get] type(request.args) <===== <class 'werkzeug.datastructures.ImmutableMultiDict'> 
[2022-12-27 15:54:09] [INFO] [TestCase_Server.py]/[line: 34]/[get] 接收到的参数 <===== None 
[2022-12-27 15:54:09] [INFO] [TestCase.py]/[line: 31]/[get] 要返回的数据为<======[{'id': 1, 'case_title': 'test_contact.py', 'remark': '企业微信测试用例'}, {'id': 2, 'case_title': 'test_contact2.py', 'remark': '企业微信测试用例2'}, {'id': 4, 'case_title': 'testplam1', 'remark': '测试平台'}] 
[2022-12-27 15:55:17] [INFO] [TestCase_Server.py]/[line: 33]/[get] type(request.args) <===== <class 'werkzeug.datastructures.ImmutableMultiDict'> 
[2022-12-27 15:55:17] [INFO] [TestCase_Server.py]/[line: 34]/[get] 接收到的参数 <===== 4 
[2022-12-27 15:55:18] [INFO] [TestCase.py]/[line: 18]/[get] <TestCaseModel 4> 
[2022-12-27 15:55:18] [INFO] [TestCase.py]/[line: 31]/[get] 要返回的数据为<======[{'id': 4, 'case_title': 'testplam1', 'remark': '测试平台'}] 
[2022-12-27 15:55:58] [INFO] [TestCase_Server.py]/[line: 111]/[delete] 接收到的参数id <=====4 
[2022-12-27 15:56:09] [INFO] [TestCase_Server.py]/[line: 33]/[get] type(request.args) <===== <class 'werkzeug.datastructures.ImmutableMultiDict'> 
[2022-12-27 15:56:09] [INFO] [TestCase_Server.py]/[line: 34]/[get] 接收到的参数 <===== None 
[2022-12-27 15:56:09] [INFO] [TestCase.py]/[line: 31]/[get] 要返回的数据为<======[{'id': 1, 'case_title': 'test_contact.py', 'remark': '企业微信测试用例'}, {'id': 2, 'case_title': 'test_contact2.py', 'remark': '企业微信测试用例2'}] 
[2022-12-27 15:59:36] [INFO] [TestCase_Server.py]/[line: 33]/[get] type(request.args) <===== <class 'werkzeug.datastructures.ImmutableMultiDict'> 
[2022-12-27 15:59:36] [INFO] [TestCase_Server.py]/[line: 34]/[get] 接收到的参数 <===== None 
[2022-12-27 15:59:36] [INFO] [TestCase.py]/[line: 31]/[get] 要返回的数据为<======[{'id': 1, 'case_title': 'test_contact.py', 'remark': '企业微信测试用例'}, {'id': 2, 'case_title': 'test_contact2.py', 'remark': '企业微信测试用例2'}] 
[2022-12-27 16:00:19] [INFO] [TestCase_Server.py]/[line: 55]/[post] 接收到的参数<====== {'id': '5', 'case_title': '电饭锅电饭锅', 'remark': '地方个地方'} 
[2022-12-27 16:00:19] [INFO] [TestCase.py]/[line: 40]/[create] 查询表结果：None 
[2022-12-27 16:00:19] [INFO] [TestCase_Model.py]/[line: 35]/[create] 将要存储的内容为<======<TestCaseModel (transient 2153540033840)> 
[2022-12-27 16:00:19] [INFO] [TestCase_Server.py]/[line: 33]/[get] type(request.args) <===== <class 'werkzeug.datastructures.ImmutableMultiDict'> 
[2022-12-27 16:00:19] [INFO] [TestCase_Server.py]/[line: 34]/[get] 接收到的参数 <===== None 
[2022-12-27 16:00:19] [INFO] [TestCase.py]/[line: 31]/[get] 要返回的数据为<======[{'id': 1, 'case_title': 'test_contact.py', 'remark': '企业微信测试用例'}, {'id': 2, 'case_title': 'test_contact2.py', 'remark': '企业微信测试用例2'}, {'id': 5, 'case_title': '电饭锅电饭锅', 'remark': '地方个地方'}] 
[2022-12-27 16:00:30] [INFO] [TestCase_Server.py]/[line: 55]/[post] 接收到的参数<====== {'id': '6', 'case_title': '的风格的', 'remark': '地方个地方'} 
[2022-12-27 16:00:30] [INFO] [TestCase.py]/[line: 40]/[create] 查询表结果：None 
[2022-12-27 16:00:30] [INFO] [TestCase_Model.py]/[line: 35]/[create] 将要存储的内容为<======<TestCaseModel (transient 2153540145936)> 
[2022-12-27 16:00:30] [INFO] [TestCase_Server.py]/[line: 33]/[get] type(request.args) <===== <class 'werkzeug.datastructures.ImmutableMultiDict'> 
[2022-12-27 16:00:30] [INFO] [TestCase_Server.py]/[line: 34]/[get] 接收到的参数 <===== None 
[2022-12-27 16:00:30] [INFO] [TestCase.py]/[line: 31]/[get] 要返回的数据为<======[{'id': 1, 'case_title': 'test_contact.py', 'remark': '企业微信测试用例'}, {'id': 2, 'case_title': 'test_contact2.py', 'remark': '企业微信测试用例2'}, {'id': 5, 'case_title': '电饭锅电饭锅', 'remark': '地方个地方'}, {'id': 6, 'case_title': '的风格的', 'remark': '地方个地方'}] 
[2022-12-27 16:05:39] [INFO] [TestCase_Server.py]/[line: 33]/[get] type(request.args) <===== <class 'werkzeug.datastructures.ImmutableMultiDict'> 
[2022-12-27 16:05:39] [INFO] [TestCase_Server.py]/[line: 34]/[get] 接收到的参数 <===== None 
[2022-12-27 16:05:41] [INFO] [TestCase_Server.py]/[line: 33]/[get] type(request.args) <===== <class 'werkzeug.datastructures.ImmutableMultiDict'> 
[2022-12-27 16:05:41] [INFO] [TestCase_Server.py]/[line: 34]/[get] 接收到的参数 <===== None 
[2022-12-27 16:05:46] [INFO] [TestCase_Server.py]/[line: 33]/[get] type(request.args) <===== <class 'werkzeug.datastructures.ImmutableMultiDict'> 
[2022-12-27 16:05:46] [INFO] [TestCase_Server.py]/[line: 34]/[get] 接收到的参数 <===== None 
[2022-12-27 16:05:50] [INFO] [TestCase_Server.py]/[line: 33]/[get] type(request.args) <===== <class 'werkzeug.datastructures.ImmutableMultiDict'> 
[2022-12-27 16:05:50] [INFO] [TestCase_Server.py]/[line: 34]/[get] 接收到的参数 <===== None 
[2022-12-27 16:06:12] [INFO] [TestCase_Server.py]/[line: 33]/[get] type(request.args) <===== <class 'werkzeug.datastructures.ImmutableMultiDict'> 
[2022-12-27 16:06:12] [INFO] [TestCase_Server.py]/[line: 34]/[get] 接收到的参数 <===== None 
[2022-12-27 16:06:12] [INFO] [TestCase.py]/[line: 31]/[get] 要返回的数据为<======[{'id': 1, 'case_title': 'test_contact.py', 'remark': '企业微信测试用例'}, {'id': 2, 'case_title': 'test_contact2.py', 'remark': '企业微信测试用例2'}, {'id': 5, 'case_title': '电饭锅电饭锅', 'remark': '地方个地方'}, {'id': 6, 'case_title': '的风格的', 'remark': '地方个地方'}] 
[2022-12-27 16:07:37] [INFO] [TestCase_Server.py]/[line: 33]/[get] type(request.args) <===== <class 'werkzeug.datastructures.ImmutableMultiDict'> 
[2022-12-27 16:07:37] [INFO] [TestCase_Server.py]/[line: 34]/[get] 接收到的参数 <===== None 
[2022-12-27 16:07:37] [INFO] [TestCase.py]/[line: 31]/[get] 要返回的数据为<======[{'id': 1, 'case_title': 'test_contact.py', 'remark': '企业微信测试用例'}, {'id': 2, 'case_title': 'test_contact2.py', 'remark': '企业微信测试用例2'}, {'id': 5, 'case_title': '电饭锅电饭锅', 'remark': '地方个地方'}, {'id': 6, 'case_title': '的风格的', 'remark': '地方个地方'}] 
[2022-12-27 16:08:35] [INFO] [TestCase_Server.py]/[line: 33]/[get] type(request.args) <===== <class 'werkzeug.datastructures.ImmutableMultiDict'> 
[2022-12-27 16:08:35] [INFO] [TestCase_Server.py]/[line: 34]/[get] 接收到的参数 <===== None 
[2022-12-27 16:08:35] [INFO] [TestCase.py]/[line: 31]/[get] 要返回的数据为<======[{'id': 1, 'case_title': 'test_contact.py', 'remark': '企业微信测试用例'}, {'id': 2, 'case_title': 'test_contact2.py', 'remark': '企业微信测试用例2'}, {'id': 5, 'case_title': '电饭锅电饭锅', 'remark': '地方个地方'}, {'id': 6, 'case_title': '的风格的', 'remark': '地方个地方'}] 
[2022-12-27 16:08:40] [INFO] [TestCase_Server.py]/[line: 111]/[delete] 接收到的参数id <=====5 
[2022-12-27 16:09:18] [INFO] [TestCase_Server.py]/[line: 33]/[get] type(request.args) <===== <class 'werkzeug.datastructures.ImmutableMultiDict'> 
[2022-12-27 16:09:18] [INFO] [TestCase_Server.py]/[line: 34]/[get] 接收到的参数 <===== None 
[2022-12-27 16:09:18] [INFO] [TestCase.py]/[line: 31]/[get] 要返回的数据为<======[{'id': 1, 'case_title': 'test_contact.py', 'remark': '企业微信测试用例'}, {'id': 2, 'case_title': 'test_contact2.py', 'remark': '企业微信测试用例2'}, {'id': 6, 'case_title': '的风格的', 'remark': '地方个地方'}] 
[2022-12-27 16:23:17] [INFO] [TestCase_Server.py]/[line: 33]/[get] type(request.args) <===== <class 'werkzeug.datastructures.ImmutableMultiDict'> 
[2022-12-27 16:23:17] [INFO] [TestCase_Server.py]/[line: 34]/[get] 接收到的参数 <===== None 
[2022-12-27 16:23:17] [INFO] [TestCase.py]/[line: 31]/[get] 要返回的数据为<======[{'id': 1, 'case_title': 'test_contact.py', 'remark': '企业微信测试用例'}, {'id': 2, 'case_title': 'test_contact2.py', 'remark': '企业微信测试用例2'}, {'id': 6, 'case_title': '的风格的', 'remark': '地方个地方'}] 
[2022-12-27 16:23:17] [INFO] [TestCase_Server.py]/[line: 33]/[get] type(request.args) <===== <class 'werkzeug.datastructures.ImmutableMultiDict'> 
[2022-12-27 16:23:17] [INFO] [TestCase_Server.py]/[line: 34]/[get] 接收到的参数 <===== None 
[2022-12-27 16:23:18] [INFO] [TestCase.py]/[line: 31]/[get] 要返回的数据为<======[{'id': 1, 'case_title': 'test_contact.py', 'remark': '企业微信测试用例'}, {'id': 2, 'case_title': 'test_contact2.py', 'remark': '企业微信测试用例2'}, {'id': 6, 'case_title': '的风格的', 'remark': '地方个地方'}] 
[2022-12-27 16:23:23] [INFO] [TestCase_Server.py]/[line: 111]/[delete] 接收到的参数id <=====6 
[2022-12-27 16:23:23] [INFO] [TestCase_Server.py]/[line: 33]/[get] type(request.args) <===== <class 'werkzeug.datastructures.ImmutableMultiDict'> 
[2022-12-27 16:23:23] [INFO] [TestCase_Server.py]/[line: 34]/[get] 接收到的参数 <===== None 
[2022-12-27 16:23:23] [INFO] [TestCase.py]/[line: 31]/[get] 要返回的数据为<======[{'id': 1, 'case_title': 'test_contact.py', 'remark': '企业微信测试用例'}, {'id': 2, 'case_title': 'test_contact2.py', 'remark': '企业微信测试用例2'}] 
[2022-12-27 16:25:57] [INFO] [TestCase_Server.py]/[line: 33]/[get] type(request.args) <===== <class 'werkzeug.datastructures.ImmutableMultiDict'> 
[2022-12-27 16:25:57] [INFO] [TestCase_Server.py]/[line: 34]/[get] 接收到的参数 <===== None 
[2022-12-27 16:25:57] [INFO] [TestCase.py]/[line: 31]/[get] 要返回的数据为<======[{'id': 1, 'case_title': 'test_contact.py', 'remark': '企业微信测试用例'}, {'id': 2, 'case_title': 'test_contact2.py', 'remark': '企业微信测试用例2'}] 
[2022-12-27 16:28:05] [INFO] [TestCase_Server.py]/[line: 55]/[post] 接收到的参数<====== {'id': '9', 'case_title': '困了就睡代付款', 'remark': '4444'} 
[2022-12-27 16:28:06] [INFO] [TestCase.py]/[line: 40]/[create] 查询表结果：None 
[2022-12-27 16:28:06] [INFO] [TestCase_Model.py]/[line: 35]/[create] 将要存储的内容为<======<TestCaseModel (transient 2211769091888)> 
[2022-12-27 16:28:06] [INFO] [TestCase_Server.py]/[line: 33]/[get] type(request.args) <===== <class 'werkzeug.datastructures.ImmutableMultiDict'> 
[2022-12-27 16:28:06] [INFO] [TestCase_Server.py]/[line: 34]/[get] 接收到的参数 <===== None 
[2022-12-27 16:28:06] [INFO] [TestCase.py]/[line: 31]/[get] 要返回的数据为<======[{'id': 1, 'case_title': 'test_contact.py', 'remark': '企业微信测试用例'}, {'id': 2, 'case_title': 'test_contact2.py', 'remark': '企业微信测试用例2'}, {'id': 9, 'case_title': '困了就睡代付款', 'remark': '4444'}] 
[2022-12-27 16:28:20] [INFO] [TestCase_Server.py]/[line: 55]/[post] 接收到的参数<====== {'id': '10', 'case_title': 'us度粉红色的', 'remark': '水电费水电费'} 
[2022-12-27 16:28:20] [INFO] [TestCase.py]/[line: 40]/[create] 查询表结果：None 
[2022-12-27 16:28:20] [INFO] [TestCase_Model.py]/[line: 35]/[create] 将要存储的内容为<======<TestCaseModel (transient 2211770845216)> 
[2022-12-27 16:28:20] [INFO] [TestCase_Server.py]/[line: 33]/[get] type(request.args) <===== <class 'werkzeug.datastructures.ImmutableMultiDict'> 
[2022-12-27 16:28:20] [INFO] [TestCase_Server.py]/[line: 34]/[get] 接收到的参数 <===== None 
[2022-12-27 16:28:20] [INFO] [TestCase.py]/[line: 31]/[get] 要返回的数据为<======[{'id': 1, 'case_title': 'test_contact.py', 'remark': '企业微信测试用例'}, {'id': 2, 'case_title': 'test_contact2.py', 'remark': '企业微信测试用例2'}, {'id': 9, 'case_title': '困了就睡代付款', 'remark': '4444'}, {'id': 10, 'case_title': 'us度粉红色的', 'remark': '水电费水电费'}] 
[2022-12-27 16:34:50] [INFO] [TestCase_Server.py]/[line: 33]/[get] type(request.args) <===== <class 'werkzeug.datastructures.ImmutableMultiDict'> 
[2022-12-27 16:34:50] [INFO] [TestCase_Server.py]/[line: 34]/[get] 接收到的参数 <===== None 
[2022-12-27 16:34:50] [INFO] [TestCase.py]/[line: 31]/[get] 要返回的数据为<======[{'id': 1, 'case_title': 'test_contact.py', 'remark': '企业微信测试用例'}, {'id': 2, 'case_title': 'test_contact2.py', 'remark': '企业微信测试用例2'}, {'id': 9, 'case_title': '困了就睡代付款', 'remark': '4444'}, {'id': 10, 'case_title': 'us度粉红色的', 'remark': '水电费水电费'}] 
[2022-12-27 16:36:19] [INFO] [TestCase_Server.py]/[line: 33]/[get] type(request.args) <===== <class 'werkzeug.datastructures.ImmutableMultiDict'> 
[2022-12-27 16:36:19] [INFO] [TestCase_Server.py]/[line: 34]/[get] 接收到的参数 <===== None 
[2022-12-27 16:36:19] [INFO] [TestCase.py]/[line: 31]/[get] 要返回的数据为<======[{'id': 1, 'case_title': 'test_contact.py', 'remark': '企业微信测试用例'}, {'id': 2, 'case_title': 'test_contact2.py', 'remark': '企业微信测试用例2'}, {'id': 9, 'case_title': '困了就睡代付款', 'remark': '4444'}, {'id': 10, 'case_title': 'us度粉红色的', 'remark': '水电费水电费'}] 
[2022-12-27 16:36:19] [INFO] [TestCase_Server.py]/[line: 33]/[get] type(request.args) <===== <class 'werkzeug.datastructures.ImmutableMultiDict'> 
[2022-12-27 16:36:19] [INFO] [TestCase_Server.py]/[line: 34]/[get] 接收到的参数 <===== None 
[2022-12-27 16:36:19] [INFO] [TestCase.py]/[line: 31]/[get] 要返回的数据为<======[{'id': 1, 'case_title': 'test_contact.py', 'remark': '企业微信测试用例'}, {'id': 2, 'case_title': 'test_contact2.py', 'remark': '企业微信测试用例2'}, {'id': 9, 'case_title': '困了就睡代付款', 'remark': '4444'}, {'id': 10, 'case_title': 'us度粉红色的', 'remark': '水电费水电费'}] 
[2022-12-27 16:37:42] [INFO] [TestCase_Server.py]/[line: 33]/[get] type(request.args) <===== <class 'werkzeug.datastructures.ImmutableMultiDict'> 
[2022-12-27 16:37:42] [INFO] [TestCase_Server.py]/[line: 34]/[get] 接收到的参数 <===== None 
[2022-12-27 16:37:42] [INFO] [TestCase.py]/[line: 31]/[get] 要返回的数据为<======[{'id': 1, 'case_title': 'test_contact.py', 'remark': '企业微信测试用例'}, {'id': 2, 'case_title': 'test_contact2.py', 'remark': '企业微信测试用例2'}, {'id': 9, 'case_title': '困了就睡代付款', 'remark': '4444'}, {'id': 10, 'case_title': 'us度粉红色的', 'remark': '水电费水电费'}] 
[2022-12-27 16:37:45] [INFO] [TestCase_Server.py]/[line: 33]/[get] type(request.args) <===== <class 'werkzeug.datastructures.ImmutableMultiDict'> 
[2022-12-27 16:37:45] [INFO] [TestCase_Server.py]/[line: 34]/[get] 接收到的参数 <===== None 
[2022-12-27 16:37:45] [INFO] [TestCase.py]/[line: 31]/[get] 要返回的数据为<======[{'id': 1, 'case_title': 'test_contact.py', 'remark': '企业微信测试用例'}, {'id': 2, 'case_title': 'test_contact2.py', 'remark': '企业微信测试用例2'}, {'id': 9, 'case_title': '困了就睡代付款', 'remark': '4444'}, {'id': 10, 'case_title': 'us度粉红色的', 'remark': '水电费水电费'}] 
[2022-12-27 16:38:56] [INFO] [TestCase_Server.py]/[line: 33]/[get] type(request.args) <===== <class 'werkzeug.datastructures.ImmutableMultiDict'> 
[2022-12-27 16:38:56] [INFO] [TestCase_Server.py]/[line: 34]/[get] 接收到的参数 <===== None 
[2022-12-27 16:38:56] [INFO] [TestCase.py]/[line: 31]/[get] 要返回的数据为<======[{'id': 1, 'case_title': 'test_contact.py', 'remark': '企业微信测试用例'}, {'id': 2, 'case_title': 'test_contact2.py', 'remark': '企业微信测试用例2'}, {'id': 9, 'case_title': '困了就睡代付款', 'remark': '4444'}, {'id': 10, 'case_title': 'us度粉红色的', 'remark': '水电费水电费'}] 
[2022-12-27 16:41:53] [INFO] [TestCase_Server.py]/[line: 33]/[get] type(request.args) <===== <class 'werkzeug.datastructures.ImmutableMultiDict'> 
[2022-12-27 16:41:53] [INFO] [TestCase_Server.py]/[line: 34]/[get] 接收到的参数 <===== None 
[2022-12-27 16:41:54] [INFO] [TestCase.py]/[line: 31]/[get] 要返回的数据为<======[{'id': 1, 'case_title': 'test_contact.py', 'remark': '企业微信测试用例'}, {'id': 2, 'case_title': 'test_contact2.py', 'remark': '企业微信测试用例2'}, {'id': 9, 'case_title': '困了就睡代付款', 'remark': '4444'}, {'id': 10, 'case_title': 'us度粉红色的', 'remark': '水电费水电费'}] 
[2022-12-27 16:42:27] [INFO] [TestCase_Server.py]/[line: 33]/[get] type(request.args) <===== <class 'werkzeug.datastructures.ImmutableMultiDict'> 
[2022-12-27 16:42:27] [INFO] [TestCase_Server.py]/[line: 34]/[get] 接收到的参数 <===== None 
[2022-12-27 16:42:27] [INFO] [TestCase.py]/[line: 31]/[get] 要返回的数据为<======[{'id': 1, 'case_title': 'test_contact.py', 'remark': '企业微信测试用例'}, {'id': 2, 'case_title': 'test_contact2.py', 'remark': '企业微信测试用例2'}, {'id': 9, 'case_title': '困了就睡代付款', 'remark': '4444'}, {'id': 10, 'case_title': 'us度粉红色的', 'remark': '水电费水电费'}] 
[2022-12-27 16:43:22] [INFO] [TestCase_Server.py]/[line: 33]/[get] type(request.args) <===== <class 'werkzeug.datastructures.ImmutableMultiDict'> 
[2022-12-27 16:43:22] [INFO] [TestCase_Server.py]/[line: 34]/[get] 接收到的参数 <===== None 
[2022-12-27 16:43:23] [INFO] [TestCase.py]/[line: 31]/[get] 要返回的数据为<======[{'id': 1, 'case_title': 'test_contact.py', 'remark': '企业微信测试用例'}, {'id': 2, 'case_title': 'test_contact2.py', 'remark': '企业微信测试用例2'}, {'id': 9, 'case_title': '困了就睡代付款', 'remark': '4444'}, {'id': 10, 'case_title': 'us度粉红色的', 'remark': '水电费水电费'}] 
[2022-12-27 16:45:48] [INFO] [TestCase_Server.py]/[line: 33]/[get] type(request.args) <===== <class 'werkzeug.datastructures.ImmutableMultiDict'> 
[2022-12-27 16:45:48] [INFO] [TestCase_Server.py]/[line: 34]/[get] 接收到的参数 <===== None 
[2022-12-27 16:45:48] [INFO] [TestCase.py]/[line: 31]/[get] 要返回的数据为<======[{'id': 1, 'case_title': 'test_contact.py', 'remark': '企业微信测试用例'}, {'id': 2, 'case_title': 'test_contact2.py', 'remark': '企业微信测试用例2'}, {'id': 9, 'case_title': '困了就睡代付款', 'remark': '4444'}, {'id': 10, 'case_title': 'us度粉红色的', 'remark': '水电费水电费'}] 
[2022-12-27 16:46:26] [INFO] [TestCase_Server.py]/[line: 33]/[get] type(request.args) <===== <class 'werkzeug.datastructures.ImmutableMultiDict'> 
[2022-12-27 16:46:26] [INFO] [TestCase_Server.py]/[line: 34]/[get] 接收到的参数 <===== None 
[2022-12-27 16:46:29] [INFO] [TestCase_Server.py]/[line: 33]/[get] type(request.args) <===== <class 'werkzeug.datastructures.ImmutableMultiDict'> 
[2022-12-27 16:46:29] [INFO] [TestCase_Server.py]/[line: 34]/[get] 接收到的参数 <===== None 
[2022-12-27 16:48:47] [INFO] [TestCase_Server.py]/[line: 33]/[get] type(request.args) <===== <class 'werkzeug.datastructures.ImmutableMultiDict'> 
[2022-12-27 16:48:47] [INFO] [TestCase_Server.py]/[line: 34]/[get] 接收到的参数 <===== None 
[2022-12-27 16:50:12] [INFO] [TestCase_Server.py]/[line: 33]/[get] type(request.args) <===== <class 'werkzeug.datastructures.ImmutableMultiDict'> 
[2022-12-27 16:50:12] [INFO] [TestCase_Server.py]/[line: 34]/[get] 接收到的参数 <===== None 
[2022-12-27 16:50:58] [INFO] [TestCase_Server.py]/[line: 33]/[get] type(request.args) <===== <class 'werkzeug.datastructures.ImmutableMultiDict'> 
[2022-12-27 16:50:58] [INFO] [TestCase_Server.py]/[line: 34]/[get] 接收到的参数 <===== None 
[2022-12-27 16:51:00] [INFO] [TestCase_Server.py]/[line: 33]/[get] type(request.args) <===== <class 'werkzeug.datastructures.ImmutableMultiDict'> 
[2022-12-27 16:51:00] [INFO] [TestCase_Server.py]/[line: 34]/[get] 接收到的参数 <===== None 
[2022-12-27 16:51:02] [INFO] [TestCase_Server.py]/[line: 33]/[get] type(request.args) <===== <class 'werkzeug.datastructures.ImmutableMultiDict'> 
[2022-12-27 16:51:02] [INFO] [TestCase_Server.py]/[line: 34]/[get] 接收到的参数 <===== None 
[2022-12-27 16:51:30] [INFO] [TestCase_Server.py]/[line: 33]/[get] type(request.args) <===== <class 'werkzeug.datastructures.ImmutableMultiDict'> 
[2022-12-27 16:51:30] [INFO] [TestCase_Server.py]/[line: 34]/[get] 接收到的参数 <===== None 
[2022-12-27 16:51:30] [INFO] [TestCase.py]/[line: 31]/[get] 要返回的数据为<======[{'id': 1, 'case_title': 'test_contact.py', 'remark': '企业微信测试用例'}, {'id': 2, 'case_title': 'test_contact2.py', 'remark': '企业微信测试用例2'}, {'id': 9, 'case_title': '困了就睡代付款', 'remark': '4444'}, {'id': 10, 'case_title': 'us度粉红色的', 'remark': '水电费水电费'}] 
[2022-12-27 16:57:53] [INFO] [TestCase_Server.py]/[line: 33]/[get] type(request.args) <===== <class 'werkzeug.datastructures.ImmutableMultiDict'> 
[2022-12-27 16:57:53] [INFO] [TestCase_Server.py]/[line: 34]/[get] 接收到的参数 <===== None 
[2022-12-27 16:57:53] [INFO] [TestCase.py]/[line: 31]/[get] 要返回的数据为<======[{'id': 1, 'case_title': 'test_contact.py', 'remark': '企业微信测试用例'}, {'id': 2, 'case_title': 'test_contact2.py', 'remark': '企业微信测试用例2'}, {'id': 9, 'case_title': '困了就睡代付款', 'remark': '4444'}, {'id': 10, 'case_title': 'us度粉红色的', 'remark': '水电费水电费'}] 
[2022-12-27 16:57:56] [INFO] [TestCase_Server.py]/[line: 33]/[get] type(request.args) <===== <class 'werkzeug.datastructures.ImmutableMultiDict'> 
[2022-12-27 16:57:56] [INFO] [TestCase_Server.py]/[line: 34]/[get] 接收到的参数 <===== None 
[2022-12-27 16:57:56] [INFO] [TestCase.py]/[line: 31]/[get] 要返回的数据为<======[{'id': 1, 'case_title': 'test_contact.py', 'remark': '企业微信测试用例'}, {'id': 2, 'case_title': 'test_contact2.py', 'remark': '企业微信测试用例2'}, {'id': 9, 'case_title': '困了就睡代付款', 'remark': '4444'}, {'id': 10, 'case_title': 'us度粉红色的', 'remark': '水电费水电费'}] 
[2022-12-27 17:06:30] [INFO] [TestCase_Server.py]/[line: 33]/[get] type(request.args) <===== <class 'werkzeug.datastructures.ImmutableMultiDict'> 
[2022-12-27 17:06:30] [INFO] [TestCase_Server.py]/[line: 34]/[get] 接收到的参数 <===== None 
[2022-12-27 17:06:30] [INFO] [TestCase.py]/[line: 31]/[get] 要返回的数据为<======[{'id': 1, 'case_title': 'test_contact.py', 'remark': '企业微信测试用例'}, {'id': 2, 'case_title': 'test_contact2.py', 'remark': '企业微信测试用例2'}, {'id': 9, 'case_title': '困了就睡代付款', 'remark': '4444'}, {'id': 10, 'case_title': 'us度粉红色的', 'remark': '水电费水电费'}] 
[2022-12-27 17:07:27] [INFO] [TestCase_Server.py]/[line: 33]/[get] type(request.args) <===== <class 'werkzeug.datastructures.ImmutableMultiDict'> 
[2022-12-27 17:07:27] [INFO] [TestCase_Server.py]/[line: 34]/[get] 接收到的参数 <===== None 
[2022-12-27 17:07:27] [INFO] [TestCase.py]/[line: 31]/[get] 要返回的数据为<======[{'id': 1, 'case_title': 'test_contact.py', 'remark': '企业微信测试用例'}, {'id': 2, 'case_title': 'test_contact2.py', 'remark': '企业微信测试用例2'}, {'id': 9, 'case_title': '困了就睡代付款', 'remark': '4444'}, {'id': 10, 'case_title': 'us度粉红色的', 'remark': '水电费水电费'}] 
[2022-12-27 17:23:36] [INFO] [TestCase_Server.py]/[line: 33]/[get] type(request.args) <===== <class 'werkzeug.datastructures.ImmutableMultiDict'> 
[2022-12-27 17:23:36] [INFO] [TestCase_Server.py]/[line: 34]/[get] 接收到的参数 <===== None 
[2022-12-27 17:23:36] [INFO] [TestCase.py]/[line: 31]/[get] 要返回的数据为<======[{'id': 1, 'case_title': 'test_contact.py', 'remark': '企业微信测试用例'}, {'id': 2, 'case_title': 'test_contact2.py', 'remark': '企业微信测试用例2'}, {'id': 9, 'case_title': '困了就睡代付款', 'remark': '4444'}, {'id': 10, 'case_title': 'us度粉红色的', 'remark': '水电费水电费'}] 
[2022-12-27 17:23:36] [INFO] [TestCase_Server.py]/[line: 33]/[get] type(request.args) <===== <class 'werkzeug.datastructures.ImmutableMultiDict'> 
[2022-12-27 17:23:36] [INFO] [TestCase_Server.py]/[line: 34]/[get] 接收到的参数 <===== None 
[2022-12-27 17:23:36] [INFO] [TestCase.py]/[line: 31]/[get] 要返回的数据为<======[{'id': 1, 'case_title': 'test_contact.py', 'remark': '企业微信测试用例'}, {'id': 2, 'case_title': 'test_contact2.py', 'remark': '企业微信测试用例2'}, {'id': 9, 'case_title': '困了就睡代付款', 'remark': '4444'}, {'id': 10, 'case_title': 'us度粉红色的', 'remark': '水电费水电费'}] 
[2022-12-27 17:42:12] [INFO] [TestCase_Server.py]/[line: 33]/[get] type(request.args) <===== <class 'werkzeug.datastructures.ImmutableMultiDict'> 
[2022-12-27 17:42:12] [INFO] [TestCase_Server.py]/[line: 34]/[get] 接收到的参数 <===== None 
[2022-12-27 17:42:12] [INFO] [TestCase.py]/[line: 31]/[get] 要返回的数据为<======[{'id': 1, 'case_title': 'test_contact.py', 'remark': '企业微信测试用例'}, {'id': 2, 'case_title': 'test_contact2.py', 'remark': '企业微信测试用例2'}, {'id': 9, 'case_title': '困了就睡代付款', 'remark': '4444'}, {'id': 10, 'case_title': 'us度粉红色的', 'remark': '水电费水电费'}] 
[2022-12-27 17:47:20] [INFO] [TestCase_Server.py]/[line: 33]/[get] type(request.args) <===== <class 'werkzeug.datastructures.ImmutableMultiDict'> 
[2022-12-27 17:47:20] [INFO] [TestCase_Server.py]/[line: 34]/[get] 接收到的参数 <===== None 
[2022-12-27 17:47:20] [INFO] [TestCase.py]/[line: 31]/[get] 要返回的数据为<======[{'id': 1, 'case_title': 'test_contact.py', 'remark': '企业微信测试用例'}, {'id': 2, 'case_title': 'test_contact2.py', 'remark': '企业微信测试用例2'}, {'id': 9, 'case_title': '困了就睡代付款', 'remark': '4444'}, {'id': 10, 'case_title': 'us度粉红色的', 'remark': '水电费水电费'}] 
[2022-12-27 17:47:20] [INFO] [TestCase_Server.py]/[line: 33]/[get] type(request.args) <===== <class 'werkzeug.datastructures.ImmutableMultiDict'> 
[2022-12-27 17:47:20] [INFO] [TestCase_Server.py]/[line: 34]/[get] 接收到的参数 <===== None 
[2022-12-27 17:47:21] [INFO] [TestCase.py]/[line: 31]/[get] 要返回的数据为<======[{'id': 1, 'case_title': 'test_contact.py', 'remark': '企业微信测试用例'}, {'id': 2, 'case_title': 'test_contact2.py', 'remark': '企业微信测试用例2'}, {'id': 9, 'case_title': '困了就睡代付款', 'remark': '4444'}, {'id': 10, 'case_title': 'us度粉红色的', 'remark': '水电费水电费'}] 
[2022-12-27 17:47:33] [INFO] [TestCase_Server.py]/[line: 33]/[get] type(request.args) <===== <class 'werkzeug.datastructures.ImmutableMultiDict'> 
[2022-12-27 17:47:33] [INFO] [TestCase_Server.py]/[line: 34]/[get] 接收到的参数 <===== None 
[2022-12-27 17:47:34] [INFO] [TestCase.py]/[line: 31]/[get] 要返回的数据为<======[{'id': 1, 'case_title': 'test_contact.py', 'remark': '企业微信测试用例'}, {'id': 2, 'case_title': 'test_contact2.py', 'remark': '企业微信测试用例2'}, {'id': 9, 'case_title': '困了就睡代付款', 'remark': '4444'}, {'id': 10, 'case_title': 'us度粉红色的', 'remark': '水电费水电费'}] 
[2022-12-27 17:52:37] [INFO] [TestCase_Server.py]/[line: 111]/[delete] 接收到的参数id <=====10 
[2022-12-27 17:53:37] [INFO] [TestCase_Server.py]/[line: 33]/[get] type(request.args) <===== <class 'werkzeug.datastructures.ImmutableMultiDict'> 
[2022-12-27 17:53:37] [INFO] [TestCase_Server.py]/[line: 34]/[get] 接收到的参数 <===== 1 
[2022-12-27 17:53:37] [INFO] [TestCase.py]/[line: 18]/[get] <TestCaseModel 1> 
[2022-12-27 17:53:37] [INFO] [TestCase.py]/[line: 31]/[get] 要返回的数据为<======[{'id': 1, 'case_title': 'test_contact.py', 'remark': '企业微信测试用例'}] 
[2022-12-27 19:44:14] [INFO] [TestCase_Server.py]/[line: 33]/[get] type(request.args) <===== <class 'werkzeug.datastructures.ImmutableMultiDict'> 
[2022-12-27 19:44:14] [INFO] [TestCase_Server.py]/[line: 34]/[get] 接收到的参数 <===== None 
[2022-12-27 19:44:14] [INFO] [TestCase.py]/[line: 31]/[get] 要返回的数据为<======[{'id': 1, 'case_title': 'test_contact.py', 'remark': '企业微信测试用例'}, {'id': 2, 'case_title': 'test_contact2.py', 'remark': '企业微信测试用例2'}, {'id': 9, 'case_title': '困了就睡代付款', 'remark': '4444'}] 
[2022-12-27 19:44:42] [INFO] [TestCase_Server.py]/[line: 81]/[put] 接收到的参数<====== {'id': 9, 'case_title': '科技大街上', 'remark': '看似简单焚枯食淡'} 
[2022-12-27 19:44:43] [INFO] [TestCase_Server.py]/[line: 85]/[put] 查询表结果：<TestCaseModel 9> 
[2022-12-27 19:49:57] [INFO] [TestCase_Server.py]/[line: 33]/[get] type(request.args) <===== <class 'werkzeug.datastructures.ImmutableMultiDict'> 
[2022-12-27 19:49:57] [INFO] [TestCase_Server.py]/[line: 34]/[get] 接收到的参数 <===== None 
[2022-12-27 19:50:12] [INFO] [TestCase_Server.py]/[line: 33]/[get] type(request.args) <===== <class 'werkzeug.datastructures.ImmutableMultiDict'> 
[2022-12-27 19:50:12] [INFO] [TestCase_Server.py]/[line: 34]/[get] 接收到的参数 <===== None 
[2022-12-27 19:50:12] [INFO] [TestCase.py]/[line: 31]/[get] 要返回的数据为<======[{'id': 1, 'case_title': 'test_contact.py', 'remark': '企业微信测试用例'}, {'id': 2, 'case_title': 'test_contact2.py', 'remark': '企业微信测试用例2'}, {'id': 9, 'case_title': '科技大街上', 'remark': '看似简单焚枯食淡'}] 
[2022-12-27 20:49:36] [INFO] [TestCase_Server.py]/[line: 33]/[get] type(request.args) <===== <class 'werkzeug.datastructures.ImmutableMultiDict'> 
[2022-12-27 20:49:36] [INFO] [TestCase_Server.py]/[line: 34]/[get] 接收到的参数 <===== None 
[2022-12-27 20:49:36] [INFO] [TestCase.py]/[line: 31]/[get] 要返回的数据为<======[{'id': 1, 'case_title': 'test_contact.py', 'remark': '企业微信测试用例'}, {'id': 2, 'case_title': 'test_contact2.py', 'remark': '企业微信测试用例2'}, {'id': 9, 'case_title': '科技大街上', 'remark': '看似简单焚枯食淡'}] 
[2022-12-27 20:49:36] [INFO] [TestCase_Server.py]/[line: 33]/[get] type(request.args) <===== <class 'werkzeug.datastructures.ImmutableMultiDict'> 
[2022-12-27 20:49:36] [INFO] [TestCase_Server.py]/[line: 34]/[get] 接收到的参数 <===== None 
[2022-12-27 20:49:36] [INFO] [TestCase.py]/[line: 31]/[get] 要返回的数据为<======[{'id': 1, 'case_title': 'test_contact.py', 'remark': '企业微信测试用例'}, {'id': 2, 'case_title': 'test_contact2.py', 'remark': '企业微信测试用例2'}, {'id': 9, 'case_title': '科技大街上', 'remark': '看似简单焚枯食淡'}] 
[2022-12-27 21:29:21] [INFO] [TestCase_Server.py]/[line: 33]/[get] type(request.args) <===== <class 'werkzeug.datastructures.ImmutableMultiDict'> 
[2022-12-27 21:29:21] [INFO] [TestCase_Server.py]/[line: 34]/[get] 接收到的参数 <===== None 
[2022-12-27 21:29:21] [INFO] [TestCase.py]/[line: 31]/[get] 要返回的数据为<======[{'id': 1, 'case_title': 'test_contact.py', 'remark': '企业微信测试用例'}, {'id': 2, 'case_title': 'test_contact2.py', 'remark': '企业微信测试用例2'}, {'id': 9, 'case_title': '科技大街上', 'remark': '看似简单焚枯食淡'}] 
[2022-12-27 21:30:51] [INFO] [Build_Server.py]/[line: 34]/[get] 测试计划获取接口接收到的参数 <===== None 
[2022-12-27 21:30:51] [DEBUG] [Build.py]/[line: 37]/[get_objs_by_plan_id] 获取到的构建记录的列表为[<BuildModel 1>, <BuildModel 3>, <BuildModel 4>, <BuildModel 5>] 
[2022-12-27 21:30:51] [INFO] [Build.py]/[line: 28]/[get] 获取到的构建记录的数据为->[{'plan_id': 1, 'report': 'http://127.0.0.1:7555/allure', 'created_at': '2022-12-25 21:11:12'}, {'plan_id': 3, 'report': 'http://127.0.0.1:7555/3/allure', 'created_at': '2022-12-25 21:27:10'}, {'plan_id': 4, 'report': '8888888888', 'created_at': '2022-12-25 22:22:14'}, {'plan_id': 5, 'report': 'http://43.142.75.212:8080/job/wechat/13/allure', 'created_at': '2022-12-25 22:38:05'}] 
[2022-12-27 21:31:05] [INFO] [Build_Server.py]/[line: 34]/[get] 测试计划获取接口接收到的参数 <===== 4 
[2022-12-27 21:31:05] [DEBUG] [Build.py]/[line: 37]/[get_objs_by_plan_id] 获取到的构建记录的列表为[<BuildModel 4>] 
[2022-12-27 21:31:05] [INFO] [Build.py]/[line: 28]/[get] 获取到的构建记录的数据为->[{'plan_id': 4, 'report': '8888888888', 'created_at': '2022-12-25 22:22:14'}] 
[2022-12-27 21:31:27] [INFO] [Plan_Server.py]/[line: 33]/[get] type(request.args) <===== <class 'werkzeug.datastructures.ImmutableMultiDict'> 
[2022-12-27 21:31:27] [INFO] [Plan_Server.py]/[line: 34]/[get] 测试计划获取接口接收到的参数 <===== 2 
[2022-12-27 21:31:27] [DEBUG] [Plan.py]/[line: 74]/[get_objs] 获取到的测试计划的列表为[<PlanModel 2>] 
[2022-12-27 21:31:27] [INFO] [Plan.py]/[line: 66]/[get] 获取到的测试计划的数据为->[{'id': 2, 'name': '企业微信计划2', 'testcase_info': ['test_contact2.py']}] 
[2022-12-27 21:34:19] [INFO] [TestCase_Server.py]/[line: 33]/[get] type(request.args) <===== <class 'werkzeug.datastructures.ImmutableMultiDict'> 
[2022-12-27 21:34:19] [INFO] [TestCase_Server.py]/[line: 34]/[get] 接收到的参数 <===== None 
[2022-12-27 21:34:24] [INFO] [TestCase_Server.py]/[line: 33]/[get] type(request.args) <===== <class 'werkzeug.datastructures.ImmutableMultiDict'> 
[2022-12-27 21:34:24] [INFO] [TestCase_Server.py]/[line: 34]/[get] 接收到的参数 <===== None 
[2022-12-27 21:34:41] [INFO] [TestCase_Server.py]/[line: 33]/[get] type(request.args) <===== <class 'werkzeug.datastructures.ImmutableMultiDict'> 
[2022-12-27 21:34:41] [INFO] [TestCase_Server.py]/[line: 34]/[get] 接收到的参数 <===== None 
[2022-12-27 21:34:42] [INFO] [TestCase.py]/[line: 31]/[get] 要返回的数据为<======[{'id': 1, 'case_title': 'test_contact.py', 'remark': '企业微信测试用例'}, {'id': 2, 'case_title': 'test_contact2.py', 'remark': '企业微信测试用例2'}, {'id': 9, 'case_title': '科技大街上', 'remark': '看似简单焚枯食淡'}] 
[2022-12-27 21:34:53] [INFO] [TestCase_Server.py]/[line: 111]/[delete] 接收到的参数id <=====9 
[2022-12-27 21:34:54] [INFO] [TestCase_Server.py]/[line: 33]/[get] type(request.args) <===== <class 'werkzeug.datastructures.ImmutableMultiDict'> 
[2022-12-27 21:34:54] [INFO] [TestCase_Server.py]/[line: 34]/[get] 接收到的参数 <===== None 
[2022-12-27 21:34:54] [INFO] [TestCase.py]/[line: 31]/[get] 要返回的数据为<======[{'id': 1, 'case_title': 'test_contact.py', 'remark': '企业微信测试用例'}, {'id': 2, 'case_title': 'test_contact2.py', 'remark': '企业微信测试用例2'}] 
[2022-12-27 21:50:17] [INFO] [TestCase_Server.py]/[line: 33]/[get] type(request.args) <===== <class 'werkzeug.datastructures.ImmutableMultiDict'> 
[2022-12-27 21:50:17] [INFO] [TestCase_Server.py]/[line: 34]/[get] 接收到的参数 <===== None 
[2022-12-27 21:50:17] [INFO] [TestCase.py]/[line: 31]/[get] 要返回的数据为<======[{'id': 1, 'case_title': 'test_contact.py', 'remark': '企业微信测试用例'}, {'id': 2, 'case_title': 'test_contact2.py', 'remark': '企业微信测试用例2'}] 
[2022-12-27 21:50:46] [INFO] [TestCase_Server.py]/[line: 55]/[post] 接收到的参数<====== {'id': '11', 'case_title': '规划局将', 'remark': '而儿童'} 
[2022-12-27 21:50:46] [INFO] [TestCase.py]/[line: 40]/[create] 查询表结果：None 
[2022-12-27 21:50:46] [INFO] [TestCase_Model.py]/[line: 35]/[create] 将要存储的内容为<======<TestCaseModel (transient 2768200365056)> 
[2022-12-27 21:50:46] [INFO] [TestCase_Server.py]/[line: 33]/[get] type(request.args) <===== <class 'werkzeug.datastructures.ImmutableMultiDict'> 
[2022-12-27 21:50:46] [INFO] [TestCase_Server.py]/[line: 34]/[get] 接收到的参数 <===== None 
[2022-12-27 21:50:46] [INFO] [TestCase.py]/[line: 31]/[get] 要返回的数据为<======[{'id': 1, 'case_title': 'test_contact.py', 'remark': '企业微信测试用例'}, {'id': 2, 'case_title': 'test_contact2.py', 'remark': '企业微信测试用例2'}, {'id': 11, 'case_title': '规划局将', 'remark': '而儿童'}] 
[2022-12-27 21:50:58] [INFO] [TestCase_Server.py]/[line: 55]/[post] 接收到的参数<====== {'id': '14', 'case_title': '沃尔沃二', 'remark': '是的发生的'} 
[2022-12-27 21:50:58] [INFO] [TestCase.py]/[line: 40]/[create] 查询表结果：None 
[2022-12-27 21:50:58] [INFO] [TestCase_Model.py]/[line: 35]/[create] 将要存储的内容为<======<TestCaseModel (transient 2768200403600)> 
[2022-12-27 21:50:58] [INFO] [TestCase_Server.py]/[line: 33]/[get] type(request.args) <===== <class 'werkzeug.datastructures.ImmutableMultiDict'> 
[2022-12-27 21:50:58] [INFO] [TestCase_Server.py]/[line: 34]/[get] 接收到的参数 <===== None 
[2022-12-27 21:50:58] [INFO] [TestCase.py]/[line: 31]/[get] 要返回的数据为<======[{'id': 1, 'case_title': 'test_contact.py', 'remark': '企业微信测试用例'}, {'id': 2, 'case_title': 'test_contact2.py', 'remark': '企业微信测试用例2'}, {'id': 11, 'case_title': '规划局将', 'remark': '而儿童'}, {'id': 14, 'case_title': '沃尔沃二', 'remark': '是的发生的'}] 
[2022-12-27 22:16:38] [INFO] [TestCase_Server.py]/[line: 33]/[get] type(request.args) <===== <class 'werkzeug.datastructures.ImmutableMultiDict'> 
[2022-12-27 22:16:38] [INFO] [TestCase_Server.py]/[line: 34]/[get] 接收到的参数 <===== None 
[2022-12-27 22:16:38] [INFO] [TestCase.py]/[line: 31]/[get] 要返回的数据为<======[{'id': 1, 'case_title': 'test_contact.py', 'remark': '企业微信测试用例'}, {'id': 2, 'case_title': 'test_contact2.py', 'remark': '企业微信测试用例2'}, {'id': 11, 'case_title': '规划局将', 'remark': '而儿童'}, {'id': 14, 'case_title': '沃尔沃二', 'remark': '是的发生的'}] 
[2022-12-27 22:49:32] [INFO] [Plan_Server.py]/[line: 33]/[get] type(request.args) <===== <class 'werkzeug.datastructures.ImmutableMultiDict'> 
[2022-12-27 22:49:32] [INFO] [Plan_Server.py]/[line: 34]/[get] 测试计划获取接口接收到的参数 <===== None 
[2022-12-27 22:49:32] [DEBUG] [Plan.py]/[line: 74]/[get_objs] 获取到的测试计划的列表为[<PlanModel 1>, <PlanModel 2>, <PlanModel 3>, <PlanModel 5>, <PlanModel 4>] 
[2022-12-27 22:49:32] [INFO] [Plan.py]/[line: 66]/[get] 获取到的测试计划的数据为->[{'id': 1, 'name': '企业微信计划', 'testcase_info': ['test_contact.py']}, {'id': 2, 'name': '企业微信计划2', 'testcase_info': ['test_contact2.py']}, {'id': 3, 'name': '企业微信计划3', 'testcase_info': ['test_contact.py', 'test_contact2.py']}, {'id': 5, 'name': '企业微信计划9', 'testcase_info': ['test_contact2.py']}, {'id': 4, 'name': '测试计划', 'testcase_info': ['test_contact.py']}] 
[2022-12-27 22:54:54] [INFO] [Plan_Server.py]/[line: 33]/[get] type(request.args) <===== <class 'werkzeug.datastructures.ImmutableMultiDict'> 
[2022-12-27 22:54:54] [INFO] [Plan_Server.py]/[line: 34]/[get] 测试计划获取接口接收到的参数 <===== None 
[2022-12-27 22:54:55] [DEBUG] [Plan.py]/[line: 74]/[get_objs] 获取到的测试计划的列表为[<PlanModel 1>, <PlanModel 2>, <PlanModel 3>, <PlanModel 5>, <PlanModel 4>] 
[2022-12-27 22:54:55] [INFO] [Plan.py]/[line: 66]/[get] 获取到的测试计划的数据为->[{'id': 1, 'name': '企业微信计划', 'testcase_info': ['test_contact.py']}, {'id': 2, 'name': '企业微信计划2', 'testcase_info': ['test_contact2.py']}, {'id': 3, 'name': '企业微信计划3', 'testcase_info': ['test_contact.py', 'test_contact2.py']}, {'id': 5, 'name': '企业微信计划9', 'testcase_info': ['test_contact2.py']}, {'id': 4, 'name': '测试计划', 'testcase_info': ['test_contact.py']}] 
[2022-12-27 22:54:55] [INFO] [Plan_Server.py]/[line: 33]/[get] type(request.args) <===== <class 'werkzeug.datastructures.ImmutableMultiDict'> 
[2022-12-27 22:54:55] [INFO] [Plan_Server.py]/[line: 34]/[get] 测试计划获取接口接收到的参数 <===== None 
[2022-12-27 22:54:55] [DEBUG] [Plan.py]/[line: 74]/[get_objs] 获取到的测试计划的列表为[<PlanModel 1>, <PlanModel 2>, <PlanModel 3>, <PlanModel 5>, <PlanModel 4>] 
[2022-12-27 22:54:55] [INFO] [Plan.py]/[line: 66]/[get] 获取到的测试计划的数据为->[{'id': 1, 'name': '企业微信计划', 'testcase_info': ['test_contact.py']}, {'id': 2, 'name': '企业微信计划2', 'testcase_info': ['test_contact2.py']}, {'id': 3, 'name': '企业微信计划3', 'testcase_info': ['test_contact.py', 'test_contact2.py']}, {'id': 5, 'name': '企业微信计划9', 'testcase_info': ['test_contact2.py']}, {'id': 4, 'name': '测试计划', 'testcase_info': ['test_contact.py']}] 
[2022-12-27 22:55:45] [INFO] [Plan_Server.py]/[line: 33]/[get] type(request.args) <===== <class 'werkzeug.datastructures.ImmutableMultiDict'> 
[2022-12-27 22:55:45] [INFO] [Plan_Server.py]/[line: 34]/[get] 测试计划获取接口接收到的参数 <===== None 
[2022-12-27 22:55:45] [DEBUG] [Plan.py]/[line: 74]/[get_objs] 获取到的测试计划的列表为[<PlanModel 1>, <PlanModel 2>, <PlanModel 3>, <PlanModel 5>, <PlanModel 4>] 
[2022-12-27 22:55:45] [INFO] [Plan.py]/[line: 66]/[get] 获取到的测试计划的数据为->[{'id': 1, 'name': '企业微信计划', 'testcase_info': ['test_contact.py']}, {'id': 2, 'name': '企业微信计划2', 'testcase_info': ['test_contact2.py']}, {'id': 3, 'name': '企业微信计划3', 'testcase_info': ['test_contact.py', 'test_contact2.py']}, {'id': 5, 'name': '企业微信计划9', 'testcase_info': ['test_contact2.py']}, {'id': 4, 'name': '测试计划', 'testcase_info': ['test_contact.py']}] 
[2022-12-27 22:55:45] [INFO] [Plan_Server.py]/[line: 33]/[get] type(request.args) <===== <class 'werkzeug.datastructures.ImmutableMultiDict'> 
[2022-12-27 22:55:45] [INFO] [Plan_Server.py]/[line: 34]/[get] 测试计划获取接口接收到的参数 <===== None 
[2022-12-27 22:55:45] [DEBUG] [Plan.py]/[line: 74]/[get_objs] 获取到的测试计划的列表为[<PlanModel 1>, <PlanModel 2>, <PlanModel 3>, <PlanModel 5>, <PlanModel 4>] 
[2022-12-27 22:55:45] [INFO] [Plan.py]/[line: 66]/[get] 获取到的测试计划的数据为->[{'id': 1, 'name': '企业微信计划', 'testcase_info': ['test_contact.py']}, {'id': 2, 'name': '企业微信计划2', 'testcase_info': ['test_contact2.py']}, {'id': 3, 'name': '企业微信计划3', 'testcase_info': ['test_contact.py', 'test_contact2.py']}, {'id': 5, 'name': '企业微信计划9', 'testcase_info': ['test_contact2.py']}, {'id': 4, 'name': '测试计划', 'testcase_info': ['test_contact.py']}] 
[2022-12-27 22:56:11] [INFO] [Plan_Server.py]/[line: 33]/[get] type(request.args) <===== <class 'werkzeug.datastructures.ImmutableMultiDict'> 
[2022-12-27 22:56:11] [INFO] [Plan_Server.py]/[line: 34]/[get] 测试计划获取接口接收到的参数 <===== None 
[2022-12-27 22:56:11] [DEBUG] [Plan.py]/[line: 74]/[get_objs] 获取到的测试计划的列表为[<PlanModel 1>, <PlanModel 2>, <PlanModel 3>, <PlanModel 5>, <PlanModel 4>] 
[2022-12-27 22:56:11] [INFO] [Plan.py]/[line: 66]/[get] 获取到的测试计划的数据为->[{'id': 1, 'name': '企业微信计划', 'testcase_info': ['test_contact.py']}, {'id': 2, 'name': '企业微信计划2', 'testcase_info': ['test_contact2.py']}, {'id': 3, 'name': '企业微信计划3', 'testcase_info': ['test_contact.py', 'test_contact2.py']}, {'id': 5, 'name': '企业微信计划9', 'testcase_info': ['test_contact2.py']}, {'id': 4, 'name': '测试计划', 'testcase_info': ['test_contact.py']}] 
[2022-12-27 22:56:11] [INFO] [Plan_Server.py]/[line: 33]/[get] type(request.args) <===== <class 'werkzeug.datastructures.ImmutableMultiDict'> 
[2022-12-27 22:56:11] [INFO] [Plan_Server.py]/[line: 34]/[get] 测试计划获取接口接收到的参数 <===== None 
[2022-12-27 22:56:11] [DEBUG] [Plan.py]/[line: 74]/[get_objs] 获取到的测试计划的列表为[<PlanModel 1>, <PlanModel 2>, <PlanModel 3>, <PlanModel 5>, <PlanModel 4>] 
[2022-12-27 22:56:11] [INFO] [Plan.py]/[line: 66]/[get] 获取到的测试计划的数据为->[{'id': 1, 'name': '企业微信计划', 'testcase_info': ['test_contact.py']}, {'id': 2, 'name': '企业微信计划2', 'testcase_info': ['test_contact2.py']}, {'id': 3, 'name': '企业微信计划3', 'testcase_info': ['test_contact.py', 'test_contact2.py']}, {'id': 5, 'name': '企业微信计划9', 'testcase_info': ['test_contact2.py']}, {'id': 4, 'name': '测试计划', 'testcase_info': ['test_contact.py']}] 
[2022-12-27 22:57:21] [INFO] [Plan_Server.py]/[line: 33]/[get] type(request.args) <===== <class 'werkzeug.datastructures.ImmutableMultiDict'> 
[2022-12-27 22:57:21] [INFO] [Plan_Server.py]/[line: 34]/[get] 测试计划获取接口接收到的参数 <===== None 
[2022-12-27 22:57:21] [DEBUG] [Plan.py]/[line: 74]/[get_objs] 获取到的测试计划的列表为[<PlanModel 1>, <PlanModel 2>, <PlanModel 3>, <PlanModel 5>, <PlanModel 4>] 
[2022-12-27 22:57:21] [INFO] [Plan.py]/[line: 66]/[get] 获取到的测试计划的数据为->[{'id': 1, 'name': '企业微信计划', 'testcase_info': ['test_contact.py']}, {'id': 2, 'name': '企业微信计划2', 'testcase_info': ['test_contact2.py']}, {'id': 3, 'name': '企业微信计划3', 'testcase_info': ['test_contact.py', 'test_contact2.py']}, {'id': 5, 'name': '企业微信计划9', 'testcase_info': ['test_contact2.py']}, {'id': 4, 'name': '测试计划', 'testcase_info': ['test_contact.py']}] 
[2022-12-27 22:57:21] [INFO] [Plan_Server.py]/[line: 33]/[get] type(request.args) <===== <class 'werkzeug.datastructures.ImmutableMultiDict'> 
[2022-12-27 22:57:21] [INFO] [Plan_Server.py]/[line: 34]/[get] 测试计划获取接口接收到的参数 <===== None 
[2022-12-27 22:57:21] [DEBUG] [Plan.py]/[line: 74]/[get_objs] 获取到的测试计划的列表为[<PlanModel 1>, <PlanModel 2>, <PlanModel 3>, <PlanModel 5>, <PlanModel 4>] 
[2022-12-27 22:57:21] [INFO] [Plan.py]/[line: 66]/[get] 获取到的测试计划的数据为->[{'id': 1, 'name': '企业微信计划', 'testcase_info': ['test_contact.py']}, {'id': 2, 'name': '企业微信计划2', 'testcase_info': ['test_contact2.py']}, {'id': 3, 'name': '企业微信计划3', 'testcase_info': ['test_contact.py', 'test_contact2.py']}, {'id': 5, 'name': '企业微信计划9', 'testcase_info': ['test_contact2.py']}, {'id': 4, 'name': '测试计划', 'testcase_info': ['test_contact.py']}] 
[2022-12-27 22:58:03] [INFO] [Plan_Server.py]/[line: 33]/[get] type(request.args) <===== <class 'werkzeug.datastructures.ImmutableMultiDict'> 
[2022-12-27 22:58:03] [INFO] [Plan_Server.py]/[line: 34]/[get] 测试计划获取接口接收到的参数 <===== None 
[2022-12-27 22:58:03] [DEBUG] [Plan.py]/[line: 74]/[get_objs] 获取到的测试计划的列表为[<PlanModel 1>, <PlanModel 2>, <PlanModel 3>, <PlanModel 5>, <PlanModel 4>] 
[2022-12-27 22:58:03] [INFO] [Plan.py]/[line: 66]/[get] 获取到的测试计划的数据为->[{'id': 1, 'name': '企业微信计划', 'testcase_info': ['test_contact.py']}, {'id': 2, 'name': '企业微信计划2', 'testcase_info': ['test_contact2.py']}, {'id': 3, 'name': '企业微信计划3', 'testcase_info': ['test_contact.py', 'test_contact2.py']}, {'id': 5, 'name': '企业微信计划9', 'testcase_info': ['test_contact2.py']}, {'id': 4, 'name': '测试计划', 'testcase_info': ['test_contact.py']}] 
[2022-12-27 22:58:03] [INFO] [Plan_Server.py]/[line: 33]/[get] type(request.args) <===== <class 'werkzeug.datastructures.ImmutableMultiDict'> 
[2022-12-27 22:58:03] [INFO] [Plan_Server.py]/[line: 34]/[get] 测试计划获取接口接收到的参数 <===== None 
[2022-12-27 22:58:04] [DEBUG] [Plan.py]/[line: 74]/[get_objs] 获取到的测试计划的列表为[<PlanModel 1>, <PlanModel 2>, <PlanModel 3>, <PlanModel 5>, <PlanModel 4>] 
[2022-12-27 22:58:04] [INFO] [Plan.py]/[line: 66]/[get] 获取到的测试计划的数据为->[{'id': 1, 'name': '企业微信计划', 'testcase_info': ['test_contact.py']}, {'id': 2, 'name': '企业微信计划2', 'testcase_info': ['test_contact2.py']}, {'id': 3, 'name': '企业微信计划3', 'testcase_info': ['test_contact.py', 'test_contact2.py']}, {'id': 5, 'name': '企业微信计划9', 'testcase_info': ['test_contact2.py']}, {'id': 4, 'name': '测试计划', 'testcase_info': ['test_contact.py']}] 
[2022-12-27 22:58:12] [INFO] [TestCase_Server.py]/[line: 33]/[get] type(request.args) <===== <class 'werkzeug.datastructures.ImmutableMultiDict'> 
[2022-12-27 22:58:12] [INFO] [TestCase_Server.py]/[line: 34]/[get] 接收到的参数 <===== None 
[2022-12-27 22:58:12] [INFO] [TestCase.py]/[line: 31]/[get] 要返回的数据为<======[{'id': 1, 'case_title': 'test_contact.py', 'remark': '企业微信测试用例'}, {'id': 2, 'case_title': 'test_contact2.py', 'remark': '企业微信测试用例2'}, {'id': 11, 'case_title': '规划局将', 'remark': '而儿童'}, {'id': 14, 'case_title': '沃尔沃二', 'remark': '是的发生的'}] 
[2022-12-27 22:58:14] [INFO] [Plan_Server.py]/[line: 33]/[get] type(request.args) <===== <class 'werkzeug.datastructures.ImmutableMultiDict'> 
[2022-12-27 22:58:14] [INFO] [Plan_Server.py]/[line: 34]/[get] 测试计划获取接口接收到的参数 <===== None 
[2022-12-27 22:58:14] [DEBUG] [Plan.py]/[line: 74]/[get_objs] 获取到的测试计划的列表为[<PlanModel 1>, <PlanModel 2>, <PlanModel 3>, <PlanModel 5>, <PlanModel 4>] 
[2022-12-27 22:58:14] [INFO] [Plan.py]/[line: 66]/[get] 获取到的测试计划的数据为->[{'id': 1, 'name': '企业微信计划', 'testcase_info': ['test_contact.py']}, {'id': 2, 'name': '企业微信计划2', 'testcase_info': ['test_contact2.py']}, {'id': 3, 'name': '企业微信计划3', 'testcase_info': ['test_contact.py', 'test_contact2.py']}, {'id': 5, 'name': '企业微信计划9', 'testcase_info': ['test_contact2.py']}, {'id': 4, 'name': '测试计划', 'testcase_info': ['test_contact.py']}] 
[2022-12-27 22:58:42] [INFO] [Plan_Server.py]/[line: 33]/[get] type(request.args) <===== <class 'werkzeug.datastructures.ImmutableMultiDict'> 
[2022-12-27 22:58:42] [INFO] [Plan_Server.py]/[line: 34]/[get] 测试计划获取接口接收到的参数 <===== None 
[2022-12-27 22:58:42] [DEBUG] [Plan.py]/[line: 74]/[get_objs] 获取到的测试计划的列表为[<PlanModel 1>, <PlanModel 2>, <PlanModel 3>, <PlanModel 5>, <PlanModel 4>] 
[2022-12-27 22:58:42] [INFO] [Plan.py]/[line: 66]/[get] 获取到的测试计划的数据为->[{'id': 1, 'name': '企业微信计划', 'testcase_info': ['test_contact.py']}, {'id': 2, 'name': '企业微信计划2', 'testcase_info': ['test_contact2.py']}, {'id': 3, 'name': '企业微信计划3', 'testcase_info': ['test_contact.py', 'test_contact2.py']}, {'id': 5, 'name': '企业微信计划9', 'testcase_info': ['test_contact2.py']}, {'id': 4, 'name': '测试计划', 'testcase_info': ['test_contact.py']}] 
[2022-12-27 23:00:52] [INFO] [Plan_Server.py]/[line: 33]/[get] type(request.args) <===== <class 'werkzeug.datastructures.ImmutableMultiDict'> 
[2022-12-27 23:00:52] [INFO] [Plan_Server.py]/[line: 34]/[get] 测试计划获取接口接收到的参数 <===== None 
[2022-12-27 23:05:29] [INFO] [Build_Server.py]/[line: 34]/[get] 测试计划获取接口接收到的参数 <===== 1 
[2022-12-27 23:06:11] [INFO] [Build_Server.py]/[line: 34]/[get] 测试计划获取接口接收到的参数 <===== 1 
[2022-12-27 23:06:11] [DEBUG] [Build.py]/[line: 37]/[get_objs_by_plan_id] 获取到的构建记录的列表为[<BuildModel 1>] 
[2022-12-27 23:06:11] [INFO] [Build.py]/[line: 28]/[get] 获取到的构建记录的数据为->[{'plan_id': 1, 'report': 'http://127.0.0.1:7555/allure', 'created_at': '2022-12-25 21:11:12'}] 
[2022-12-27 23:06:23] [INFO] [Build_Server.py]/[line: 34]/[get] 测试计划获取接口接收到的参数 <===== None 
[2022-12-27 23:06:23] [DEBUG] [Build.py]/[line: 37]/[get_objs_by_plan_id] 获取到的构建记录的列表为[<BuildModel 1>, <BuildModel 3>, <BuildModel 4>, <BuildModel 5>] 
[2022-12-27 23:06:23] [INFO] [Build.py]/[line: 28]/[get] 获取到的构建记录的数据为->[{'plan_id': 1, 'report': 'http://127.0.0.1:7555/allure', 'created_at': '2022-12-25 21:11:12'}, {'plan_id': 3, 'report': 'http://127.0.0.1:7555/3/allure', 'created_at': '2022-12-25 21:27:10'}, {'plan_id': 4, 'report': '8888888888', 'created_at': '2022-12-25 22:22:14'}, {'plan_id': 5, 'report': 'http://43.142.75.212:8080/job/wechat/13/allure', 'created_at': '2022-12-25 22:38:05'}] 
[2022-12-27 23:06:30] [INFO] [Build_Server.py]/[line: 34]/[get] 测试计划获取接口接收到的参数 <===== 3 
[2022-12-27 23:06:30] [DEBUG] [Build.py]/[line: 37]/[get_objs_by_plan_id] 获取到的构建记录的列表为[<BuildModel 3>] 
[2022-12-27 23:06:30] [INFO] [Build.py]/[line: 28]/[get] 获取到的构建记录的数据为->[{'plan_id': 3, 'report': 'http://127.0.0.1:7555/3/allure', 'created_at': '2022-12-25 21:27:10'}] 
[2022-12-27 23:07:53] [INFO] [TestCase_Server.py]/[line: 33]/[get] type(request.args) <===== <class 'werkzeug.datastructures.ImmutableMultiDict'> 
[2022-12-27 23:07:53] [INFO] [TestCase_Server.py]/[line: 34]/[get] 接收到的参数 <===== None 
[2022-12-27 23:07:54] [INFO] [TestCase.py]/[line: 31]/[get] 要返回的数据为<======[{'id': 1, 'case_title': 'test_contact.py', 'remark': '企业微信测试用例'}, {'id': 2, 'case_title': 'test_contact2.py', 'remark': '企业微信测试用例2'}, {'id': 11, 'case_title': '规划局将', 'remark': '而儿童'}, {'id': 14, 'case_title': '沃尔沃二', 'remark': '是的发生的'}] 
[2022-12-27 23:07:55] [INFO] [Plan_Server.py]/[line: 33]/[get] type(request.args) <===== <class 'werkzeug.datastructures.ImmutableMultiDict'> 
[2022-12-27 23:07:55] [INFO] [Plan_Server.py]/[line: 34]/[get] 测试计划获取接口接收到的参数 <===== None 
[2022-12-27 23:07:56] [DEBUG] [Plan.py]/[line: 74]/[get_objs] 获取到的测试计划的列表为[<PlanModel 1>, <PlanModel 2>, <PlanModel 3>, <PlanModel 5>, <PlanModel 4>] 
[2022-12-27 23:07:56] [INFO] [Plan.py]/[line: 66]/[get] 获取到的测试计划的数据为->[{'id': 1, 'name': '企业微信计划', 'testcase_info': ['test_contact.py']}, {'id': 2, 'name': '企业微信计划2', 'testcase_info': ['test_contact2.py']}, {'id': 3, 'name': '企业微信计划3', 'testcase_info': ['test_contact.py', 'test_contact2.py']}, {'id': 5, 'name': '企业微信计划9', 'testcase_info': ['test_contact2.py']}, {'id': 4, 'name': '测试计划', 'testcase_info': ['test_contact.py']}] 
[2022-12-27 23:07:58] [INFO] [TestCase_Server.py]/[line: 33]/[get] type(request.args) <===== <class 'werkzeug.datastructures.ImmutableMultiDict'> 
[2022-12-27 23:07:58] [INFO] [TestCase_Server.py]/[line: 34]/[get] 接收到的参数 <===== None 
[2022-12-27 23:07:58] [INFO] [TestCase.py]/[line: 31]/[get] 要返回的数据为<======[{'id': 1, 'case_title': 'test_contact.py', 'remark': '企业微信测试用例'}, {'id': 2, 'case_title': 'test_contact2.py', 'remark': '企业微信测试用例2'}, {'id': 11, 'case_title': '规划局将', 'remark': '而儿童'}, {'id': 14, 'case_title': '沃尔沃二', 'remark': '是的发生的'}] 
[2022-12-27 23:13:38] [INFO] [Plan_Server.py]/[line: 33]/[get] type(request.args) <===== <class 'werkzeug.datastructures.ImmutableMultiDict'> 
[2022-12-27 23:13:38] [INFO] [Plan_Server.py]/[line: 34]/[get] 测试计划获取接口接收到的参数 <===== None 
[2022-12-27 23:13:38] [DEBUG] [Plan.py]/[line: 74]/[get_objs] 获取到的测试计划的列表为[<PlanModel 1>, <PlanModel 2>, <PlanModel 3>, <PlanModel 5>, <PlanModel 4>] 
[2022-12-27 23:13:38] [INFO] [Plan.py]/[line: 66]/[get] 获取到的测试计划的数据为->[{'id': 1, 'name': '企业微信计划', 'testcase_info': ['test_contact.py']}, {'id': 2, 'name': '企业微信计划2', 'testcase_info': ['test_contact2.py']}, {'id': 3, 'name': '企业微信计划3', 'testcase_info': ['test_contact.py', 'test_contact2.py']}, {'id': 5, 'name': '企业微信计划9', 'testcase_info': ['test_contact2.py']}, {'id': 4, 'name': '测试计划', 'testcase_info': ['test_contact.py']}] 
[2022-12-27 23:15:17] [INFO] [Plan_Server.py]/[line: 33]/[get] type(request.args) <===== <class 'werkzeug.datastructures.ImmutableMultiDict'> 
[2022-12-27 23:15:17] [INFO] [Plan_Server.py]/[line: 34]/[get] 测试计划获取接口接收到的参数 <===== None 
[2022-12-27 23:15:18] [DEBUG] [Plan.py]/[line: 74]/[get_objs] 获取到的测试计划的列表为[<PlanModel 1>, <PlanModel 2>, <PlanModel 3>, <PlanModel 5>, <PlanModel 4>] 
[2022-12-27 23:15:18] [INFO] [Plan.py]/[line: 66]/[get] 获取到的测试计划的数据为->[{'id': 1, 'name': '企业微信计划', 'testcase_info': ['test_contact.py']}, {'id': 2, 'name': '企业微信计划2', 'testcase_info': ['test_contact2.py']}, {'id': 3, 'name': '企业微信计划3', 'testcase_info': ['test_contact.py', 'test_contact2.py']}, {'id': 5, 'name': '企业微信计划9', 'testcase_info': ['test_contact2.py']}, {'id': 4, 'name': '测试计划', 'testcase_info': ['test_contact.py']}] 
[2022-12-27 23:15:41] [INFO] [Plan_Server.py]/[line: 33]/[get] type(request.args) <===== <class 'werkzeug.datastructures.ImmutableMultiDict'> 
[2022-12-27 23:15:41] [INFO] [Plan_Server.py]/[line: 34]/[get] 测试计划获取接口接收到的参数 <===== None 
[2022-12-27 23:15:41] [DEBUG] [Plan.py]/[line: 74]/[get_objs] 获取到的测试计划的列表为[<PlanModel 1>, <PlanModel 2>, <PlanModel 3>, <PlanModel 5>, <PlanModel 4>] 
[2022-12-27 23:15:41] [INFO] [Plan.py]/[line: 66]/[get] 获取到的测试计划的数据为->[{'id': 1, 'name': '企业微信计划', 'testcase_info': ['test_contact.py']}, {'id': 2, 'name': '企业微信计划2', 'testcase_info': ['test_contact2.py']}, {'id': 3, 'name': '企业微信计划3', 'testcase_info': ['test_contact.py', 'test_contact2.py']}, {'id': 5, 'name': '企业微信计划9', 'testcase_info': ['test_contact2.py']}, {'id': 4, 'name': '测试计划', 'testcase_info': ['test_contact.py']}] 
[2022-12-27 23:18:17] [INFO] [Plan_Server.py]/[line: 33]/[get] type(request.args) <===== <class 'werkzeug.datastructures.ImmutableMultiDict'> 
[2022-12-27 23:18:17] [INFO] [Plan_Server.py]/[line: 34]/[get] 测试计划获取接口接收到的参数 <===== None 
[2022-12-27 23:18:17] [DEBUG] [Plan.py]/[line: 74]/[get_objs] 获取到的测试计划的列表为[<PlanModel 1>, <PlanModel 2>, <PlanModel 3>, <PlanModel 5>, <PlanModel 4>] 
[2022-12-27 23:18:17] [INFO] [Plan.py]/[line: 66]/[get] 获取到的测试计划的数据为->[{'id': 1, 'name': '企业微信计划', 'testcase_info': ['test_contact.py']}, {'id': 2, 'name': '企业微信计划2', 'testcase_info': ['test_contact2.py']}, {'id': 3, 'name': '企业微信计划3', 'testcase_info': ['test_contact.py', 'test_contact2.py']}, {'id': 5, 'name': '企业微信计划9', 'testcase_info': ['test_contact2.py']}, {'id': 4, 'name': '测试计划', 'testcase_info': ['test_contact.py']}] 
[2022-12-27 23:18:21] [INFO] [Plan_Server.py]/[line: 33]/[get] type(request.args) <===== <class 'werkzeug.datastructures.ImmutableMultiDict'> 
[2022-12-27 23:18:21] [INFO] [Plan_Server.py]/[line: 34]/[get] 测试计划获取接口接收到的参数 <===== None 
[2022-12-27 23:18:21] [DEBUG] [Plan.py]/[line: 74]/[get_objs] 获取到的测试计划的列表为[<PlanModel 1>, <PlanModel 2>, <PlanModel 3>, <PlanModel 5>, <PlanModel 4>] 
[2022-12-27 23:18:21] [INFO] [Plan.py]/[line: 66]/[get] 获取到的测试计划的数据为->[{'id': 1, 'name': '企业微信计划', 'testcase_info': ['test_contact.py']}, {'id': 2, 'name': '企业微信计划2', 'testcase_info': ['test_contact2.py']}, {'id': 3, 'name': '企业微信计划3', 'testcase_info': ['test_contact.py', 'test_contact2.py']}, {'id': 5, 'name': '企业微信计划9', 'testcase_info': ['test_contact2.py']}, {'id': 4, 'name': '测试计划', 'testcase_info': ['test_contact.py']}] 
[2022-12-27 23:18:31] [INFO] [Build_Server.py]/[line: 34]/[get] 测试计划获取接口接收到的参数 <===== 1 
[2022-12-27 23:18:31] [DEBUG] [Build.py]/[line: 37]/[get_objs_by_plan_id] 获取到的构建记录的列表为[<BuildModel 1>] 
[2022-12-27 23:18:31] [INFO] [Build.py]/[line: 28]/[get] 获取到的构建记录的数据为->[{'plan_id': 1, 'report': 'http://127.0.0.1:7555/allure', 'created_at': '2022-12-25 21:11:12'}] 
[2022-12-27 23:18:36] [INFO] [Build_Server.py]/[line: 34]/[get] 测试计划获取接口接收到的参数 <===== 2 
[2022-12-27 23:18:36] [DEBUG] [Build.py]/[line: 37]/[get_objs_by_plan_id] 获取到的构建记录的列表为[] 
[2022-12-27 23:18:36] [INFO] [Build.py]/[line: 28]/[get] 获取到的构建记录的数据为->[] 
[2022-12-27 23:18:39] [INFO] [Build_Server.py]/[line: 34]/[get] 测试计划获取接口接收到的参数 <===== 3 
[2022-12-27 23:18:39] [DEBUG] [Build.py]/[line: 37]/[get_objs_by_plan_id] 获取到的构建记录的列表为[<BuildModel 3>] 
[2022-12-27 23:18:39] [INFO] [Build.py]/[line: 28]/[get] 获取到的构建记录的数据为->[{'plan_id': 3, 'report': 'http://127.0.0.1:7555/3/allure', 'created_at': '2022-12-25 21:27:10'}] 
[2022-12-27 23:18:49] [INFO] [Build_Server.py]/[line: 34]/[get] 测试计划获取接口接收到的参数 <===== 1 
[2022-12-27 23:18:49] [DEBUG] [Build.py]/[line: 37]/[get_objs_by_plan_id] 获取到的构建记录的列表为[<BuildModel 1>] 
[2022-12-27 23:18:49] [INFO] [Build.py]/[line: 28]/[get] 获取到的构建记录的数据为->[{'plan_id': 1, 'report': 'http://127.0.0.1:7555/allure', 'created_at': '2022-12-25 21:11:12'}] 
[2022-12-27 23:22:12] [INFO] [Plan_Server.py]/[line: 33]/[get] type(request.args) <===== <class 'werkzeug.datastructures.ImmutableMultiDict'> 
[2022-12-27 23:22:12] [INFO] [Plan_Server.py]/[line: 34]/[get] 测试计划获取接口接收到的参数 <===== None 
[2022-12-27 23:22:12] [DEBUG] [Plan.py]/[line: 74]/[get_objs] 获取到的测试计划的列表为[<PlanModel 1>, <PlanModel 2>, <PlanModel 3>, <PlanModel 5>, <PlanModel 4>] 
[2022-12-27 23:22:12] [INFO] [Plan.py]/[line: 66]/[get] 获取到的测试计划的数据为->[{'id': 1, 'name': '企业微信计划', 'testcase_info': ['test_contact.py']}, {'id': 2, 'name': '企业微信计划2', 'testcase_info': ['test_contact2.py']}, {'id': 3, 'name': '企业微信计划3', 'testcase_info': ['test_contact.py', 'test_contact2.py']}, {'id': 5, 'name': '企业微信计划9', 'testcase_info': ['test_contact2.py']}, {'id': 4, 'name': '测试计划', 'testcase_info': ['test_contact.py']}] 
[2022-12-27 23:34:27] [INFO] [Plan_Server.py]/[line: 33]/[get] type(request.args) <===== <class 'werkzeug.datastructures.ImmutableMultiDict'> 
[2022-12-27 23:34:27] [INFO] [Plan_Server.py]/[line: 34]/[get] 测试计划获取接口接收到的参数 <===== None 
[2022-12-27 23:34:28] [DEBUG] [Plan.py]/[line: 74]/[get_objs] 获取到的测试计划的列表为[<PlanModel 1>, <PlanModel 2>, <PlanModel 3>, <PlanModel 5>, <PlanModel 4>] 
[2022-12-27 23:34:28] [INFO] [Plan.py]/[line: 66]/[get] 获取到的测试计划的数据为->[{'id': 1, 'name': '企业微信计划', 'testcase_info': ['test_contact.py']}, {'id': 2, 'name': '企业微信计划2', 'testcase_info': ['test_contact2.py']}, {'id': 3, 'name': '企业微信计划3', 'testcase_info': ['test_contact.py', 'test_contact2.py']}, {'id': 5, 'name': '企业微信计划9', 'testcase_info': ['test_contact2.py']}, {'id': 4, 'name': '测试计划', 'testcase_info': ['test_contact.py']}] 
[2022-12-27 23:34:28] [INFO] [TestCase_Server.py]/[line: 33]/[get] type(request.args) <===== <class 'werkzeug.datastructures.ImmutableMultiDict'> 
[2022-12-27 23:34:28] [INFO] [TestCase_Server.py]/[line: 34]/[get] 接收到的参数 <===== None 
[2022-12-27 23:34:29] [INFO] [TestCase.py]/[line: 31]/[get] 要返回的数据为<======[{'id': 1, 'case_title': 'test_contact.py', 'remark': '企业微信测试用例'}, {'id': 2, 'case_title': 'test_contact2.py', 'remark': '企业微信测试用例2'}, {'id': 11, 'case_title': '规划局将', 'remark': '而儿童'}, {'id': 14, 'case_title': '沃尔沃二', 'remark': '是的发生的'}] 
[2022-12-27 23:35:27] [INFO] [TestCase_Server.py]/[line: 55]/[post] 接收到的参数<====== {'id': '15', 'case_title': 'test_contact.py', 'remark': '企业微信自动化15'} 
[2022-12-27 23:35:28] [INFO] [TestCase.py]/[line: 40]/[create] 查询表结果：None 
[2022-12-27 23:35:28] [INFO] [TestCase_Model.py]/[line: 35]/[create] 将要存储的内容为<======<TestCaseModel (transient 1290760449664)> 
[2022-12-27 23:36:25] [INFO] [TestCase_Server.py]/[line: 55]/[post] 接收到的参数<====== {'id': '18', 'case_title': 'test_contact18.py', 'remark': '企业微信20'} 
[2022-12-27 23:36:25] [INFO] [TestCase.py]/[line: 40]/[create] 查询表结果：None 
[2022-12-27 23:36:25] [INFO] [TestCase_Model.py]/[line: 35]/[create] 将要存储的内容为<======<TestCaseModel (transient 1290760519344)> 
[2022-12-27 23:36:25] [INFO] [TestCase_Server.py]/[line: 33]/[get] type(request.args) <===== <class 'werkzeug.datastructures.ImmutableMultiDict'> 
[2022-12-27 23:36:25] [INFO] [TestCase_Server.py]/[line: 34]/[get] 接收到的参数 <===== None 
[2022-12-27 23:36:25] [INFO] [TestCase.py]/[line: 31]/[get] 要返回的数据为<======[{'id': 1, 'case_title': 'test_contact.py', 'remark': '企业微信测试用例'}, {'id': 2, 'case_title': 'test_contact2.py', 'remark': '企业微信测试用例2'}, {'id': 11, 'case_title': '规划局将', 'remark': '而儿童'}, {'id': 14, 'case_title': '沃尔沃二', 'remark': '是的发生的'}, {'id': 18, 'case_title': 'test_contact18.py', 'remark': '企业微信20'}] 
[2022-12-27 23:36:31] [INFO] [Plan_Server.py]/[line: 33]/[get] type(request.args) <===== <class 'werkzeug.datastructures.ImmutableMultiDict'> 
[2022-12-27 23:36:31] [INFO] [Plan_Server.py]/[line: 34]/[get] 测试计划获取接口接收到的参数 <===== None 
[2022-12-27 23:36:50] [INFO] [Plan_Server.py]/[line: 33]/[get] type(request.args) <===== <class 'werkzeug.datastructures.ImmutableMultiDict'> 
[2022-12-27 23:36:50] [INFO] [Plan_Server.py]/[line: 34]/[get] 测试计划获取接口接收到的参数 <===== None 
[2022-12-27 23:36:56] [INFO] [TestCase_Server.py]/[line: 33]/[get] type(request.args) <===== <class 'werkzeug.datastructures.ImmutableMultiDict'> 
[2022-12-27 23:36:56] [INFO] [TestCase_Server.py]/[line: 34]/[get] 接收到的参数 <===== None 
[2022-12-27 23:36:58] [INFO] [TestCase_Server.py]/[line: 33]/[get] type(request.args) <===== <class 'werkzeug.datastructures.ImmutableMultiDict'> 
[2022-12-27 23:36:58] [INFO] [TestCase_Server.py]/[line: 34]/[get] 接收到的参数 <===== None 
[2022-12-27 23:37:18] [INFO] [TestCase_Server.py]/[line: 33]/[get] type(request.args) <===== <class 'werkzeug.datastructures.ImmutableMultiDict'> 
[2022-12-27 23:37:18] [INFO] [TestCase_Server.py]/[line: 34]/[get] 接收到的参数 <===== None 
[2022-12-27 23:37:19] [INFO] [TestCase.py]/[line: 31]/[get] 要返回的数据为<======[{'id': 1, 'case_title': 'test_contact.py', 'remark': '企业微信测试用例'}, {'id': 2, 'case_title': 'test_contact2.py', 'remark': '企业微信测试用例2'}, {'id': 11, 'case_title': '规划局将', 'remark': '而儿童'}, {'id': 14, 'case_title': '沃尔沃二', 'remark': '是的发生的'}, {'id': 18, 'case_title': 'test_contact18.py', 'remark': '企业微信20'}] 
[2022-12-27 23:37:21] [INFO] [Plan_Server.py]/[line: 33]/[get] type(request.args) <===== <class 'werkzeug.datastructures.ImmutableMultiDict'> 
[2022-12-27 23:37:21] [INFO] [Plan_Server.py]/[line: 34]/[get] 测试计划获取接口接收到的参数 <===== None 
[2022-12-27 23:37:21] [DEBUG] [Plan.py]/[line: 74]/[get_objs] 获取到的测试计划的列表为[<PlanModel 1>, <PlanModel 2>, <PlanModel 3>, <PlanModel 5>, <PlanModel 4>] 
[2022-12-27 23:37:21] [INFO] [Plan.py]/[line: 66]/[get] 获取到的测试计划的数据为->[{'id': 1, 'name': '企业微信计划', 'testcase_info': ['test_contact.py']}, {'id': 2, 'name': '企业微信计划2', 'testcase_info': ['test_contact2.py']}, {'id': 3, 'name': '企业微信计划3', 'testcase_info': ['test_contact.py', 'test_contact2.py']}, {'id': 5, 'name': '企业微信计划9', 'testcase_info': ['test_contact2.py']}, {'id': 4, 'name': '测试计划', 'testcase_info': ['test_contact.py']}] 
[2022-12-27 23:37:27] [INFO] [TestCase_Server.py]/[line: 33]/[get] type(request.args) <===== <class 'werkzeug.datastructures.ImmutableMultiDict'> 
[2022-12-27 23:37:27] [INFO] [TestCase_Server.py]/[line: 34]/[get] 接收到的参数 <===== None 
[2022-12-27 23:37:27] [INFO] [TestCase.py]/[line: 31]/[get] 要返回的数据为<======[{'id': 1, 'case_title': 'test_contact.py', 'remark': '企业微信测试用例'}, {'id': 2, 'case_title': 'test_contact2.py', 'remark': '企业微信测试用例2'}, {'id': 11, 'case_title': '规划局将', 'remark': '而儿童'}, {'id': 14, 'case_title': '沃尔沃二', 'remark': '是的发生的'}, {'id': 18, 'case_title': 'test_contact18.py', 'remark': '企业微信20'}] 
[2022-12-27 23:38:20] [INFO] [Plan_Server.py]/[line: 33]/[get] type(request.args) <===== <class 'werkzeug.datastructures.ImmutableMultiDict'> 
[2022-12-27 23:38:20] [INFO] [Plan_Server.py]/[line: 34]/[get] 测试计划获取接口接收到的参数 <===== None 
[2022-12-27 23:38:20] [DEBUG] [Plan.py]/[line: 74]/[get_objs] 获取到的测试计划的列表为[<PlanModel 1>, <PlanModel 2>, <PlanModel 3>, <PlanModel 5>, <PlanModel 4>] 
[2022-12-27 23:38:20] [INFO] [Plan.py]/[line: 66]/[get] 获取到的测试计划的数据为->[{'id': 1, 'name': '企业微信计划', 'testcase_info': ['test_contact.py']}, {'id': 2, 'name': '企业微信计划2', 'testcase_info': ['test_contact2.py']}, {'id': 3, 'name': '企业微信计划3', 'testcase_info': ['test_contact.py', 'test_contact2.py']}, {'id': 5, 'name': '企业微信计划9', 'testcase_info': ['test_contact2.py']}, {'id': 4, 'name': '测试计划', 'testcase_info': ['test_contact.py']}] 
[2022-12-27 23:38:58] [INFO] [TestCase_Server.py]/[line: 55]/[post] 接收到的参数<====== {'name': '企业微信计划18', 'testcases': [18]} 
[2022-12-27 23:38:58] [INFO] [TestCase.py]/[line: 40]/[create] 查询表结果：None 
[2022-12-27 23:38:58] [INFO] [TestCase_Model.py]/[line: 35]/[create] 将要存储的内容为<======<TestCaseModel (transient 2834746207296)> 
[2022-12-27 23:39:06] [INFO] [Plan_Server.py]/[line: 33]/[get] type(request.args) <===== <class 'werkzeug.datastructures.ImmutableMultiDict'> 
[2022-12-27 23:39:06] [INFO] [Plan_Server.py]/[line: 34]/[get] 测试计划获取接口接收到的参数 <===== None 
[2022-12-27 23:39:07] [DEBUG] [Plan.py]/[line: 74]/[get_objs] 获取到的测试计划的列表为[<PlanModel 1>, <PlanModel 2>, <PlanModel 3>, <PlanModel 5>, <PlanModel 4>] 
[2022-12-27 23:39:08] [INFO] [Plan.py]/[line: 66]/[get] 获取到的测试计划的数据为->[{'id': 1, 'name': '企业微信计划', 'testcase_info': ['test_contact.py']}, {'id': 2, 'name': '企业微信计划2', 'testcase_info': ['test_contact2.py']}, {'id': 3, 'name': '企业微信计划3', 'testcase_info': ['test_contact.py', 'test_contact2.py']}, {'id': 5, 'name': '企业微信计划9', 'testcase_info': ['test_contact2.py']}, {'id': 4, 'name': '测试计划', 'testcase_info': ['test_contact.py']}] 
[2022-12-27 23:41:08] [INFO] [TestCase_Server.py]/[line: 33]/[get] type(request.args) <===== <class 'werkzeug.datastructures.ImmutableMultiDict'> 
[2022-12-27 23:41:08] [INFO] [TestCase_Server.py]/[line: 34]/[get] 接收到的参数 <===== None 
[2022-12-27 23:41:08] [INFO] [TestCase.py]/[line: 31]/[get] 要返回的数据为<======[{'id': 1, 'case_title': 'test_contact.py', 'remark': '企业微信测试用例'}, {'id': 2, 'case_title': 'test_contact2.py', 'remark': '企业微信测试用例2'}, {'id': 11, 'case_title': '规划局将', 'remark': '而儿童'}, {'id': 14, 'case_title': '沃尔沃二', 'remark': '是的发生的'}, {'id': 18, 'case_title': 'test_contact18.py', 'remark': '企业微信20'}] 
[2022-12-27 23:42:35] [INFO] [Plan_Server.py]/[line: 33]/[get] type(request.args) <===== <class 'werkzeug.datastructures.ImmutableMultiDict'> 
[2022-12-27 23:42:35] [INFO] [Plan_Server.py]/[line: 34]/[get] 测试计划获取接口接收到的参数 <===== None 
[2022-12-27 23:42:35] [DEBUG] [Plan.py]/[line: 74]/[get_objs] 获取到的测试计划的列表为[<PlanModel 1>, <PlanModel 2>, <PlanModel 3>, <PlanModel 5>, <PlanModel 4>] 
[2022-12-27 23:42:35] [INFO] [Plan.py]/[line: 66]/[get] 获取到的测试计划的数据为->[{'id': 1, 'name': '企业微信计划', 'testcase_info': ['test_contact.py']}, {'id': 2, 'name': '企业微信计划2', 'testcase_info': ['test_contact2.py']}, {'id': 3, 'name': '企业微信计划3', 'testcase_info': ['test_contact.py', 'test_contact2.py']}, {'id': 5, 'name': '企业微信计划9', 'testcase_info': ['test_contact2.py']}, {'id': 4, 'name': '测试计划', 'testcase_info': ['test_contact.py']}] 
[2022-12-27 23:42:43] [INFO] [TestCase_Server.py]/[line: 33]/[get] type(request.args) <===== <class 'werkzeug.datastructures.ImmutableMultiDict'> 
[2022-12-27 23:42:43] [INFO] [TestCase_Server.py]/[line: 34]/[get] 接收到的参数 <===== None 
[2022-12-27 23:42:43] [INFO] [TestCase.py]/[line: 31]/[get] 要返回的数据为<======[{'id': 1, 'case_title': 'test_contact.py', 'remark': '企业微信测试用例'}, {'id': 2, 'case_title': 'test_contact2.py', 'remark': '企业微信测试用例2'}, {'id': 11, 'case_title': '规划局将', 'remark': '而儿童'}, {'id': 14, 'case_title': '沃尔沃二', 'remark': '是的发生的'}, {'id': 18, 'case_title': 'test_contact18.py', 'remark': '企业微信20'}] 
[2022-12-27 23:52:19] [INFO] [TestCase_Server.py]/[line: 33]/[get] type(request.args) <===== <class 'werkzeug.datastructures.ImmutableMultiDict'> 
[2022-12-27 23:52:19] [INFO] [TestCase_Server.py]/[line: 34]/[get] 接收到的参数 <===== None 
[2022-12-27 23:52:19] [INFO] [TestCase.py]/[line: 31]/[get] 要返回的数据为<======[{'id': 1, 'case_title': 'test_contact.py', 'remark': '企业微信测试用例'}, {'id': 2, 'case_title': 'test_contact2.py', 'remark': '企业微信测试用例2'}, {'id': 11, 'case_title': '规划局将', 'remark': '而儿童'}, {'id': 14, 'case_title': '沃尔沃二', 'remark': '是的发生的'}, {'id': 18, 'case_title': 'test_contact18.py', 'remark': '企业微信20'}] 
[2022-12-27 23:53:12] [INFO] [Plan_Server.py]/[line: 54]/[post] 测试计划新增接口接收到的参数<====== {'name': '企业微信测试计划18', 'testcases': [18]} 
[2022-12-27 23:53:13] [DEBUG] [Plan.py]/[line: 45]/[create] 测试列表[18]，获取到的测试用例的对象为[<TestCaseModel 18>] 
[2022-12-27 23:53:13] [DEBUG] [Plan_Model.py]/[line: 49]/[create] 创建的测试计划的ID为->6 
[2022-12-27 23:53:13] [DEBUG] [Plan.py]/[line: 74]/[get_objs] 获取到的测试计划的列表为[<PlanModel 6>] 
[2022-12-27 23:53:13] [INFO] [Plan.py]/[line: 66]/[get] 获取到的测试计划的数据为->[{'id': 6, 'name': '企业微信测试计划18', 'testcase_info': ['test_contact18.py']}] 
[2022-12-27 23:53:13] [DEBUG] [Plan.py]/[line: 26]/[execute] 测试计划6，要执行的的测试用例内容test_contact18.py 
[2022-12-27 23:53:13] [DEBUG] [Build.py]/[line: 46]/[create] 创建构建记录对应的计划id为6， 测试报告为http://43.142.75.212:8080/job/wechat/16/allure 
[2022-12-27 23:53:17] [INFO] [Plan_Server.py]/[line: 33]/[get] type(request.args) <===== <class 'werkzeug.datastructures.ImmutableMultiDict'> 
[2022-12-27 23:53:17] [INFO] [Plan_Server.py]/[line: 34]/[get] 测试计划获取接口接收到的参数 <===== None 
[2022-12-27 23:53:17] [DEBUG] [Plan.py]/[line: 74]/[get_objs] 获取到的测试计划的列表为[<PlanModel 6>, <PlanModel 1>, <PlanModel 2>, <PlanModel 3>, <PlanModel 5>, <PlanModel 4>] 
[2022-12-27 23:53:17] [INFO] [Plan.py]/[line: 66]/[get] 获取到的测试计划的数据为->[{'id': 6, 'name': '企业微信测试计划18', 'testcase_info': ['test_contact18.py']}, {'id': 1, 'name': '企业微信计划', 'testcase_info': ['test_contact.py']}, {'id': 2, 'name': '企业微信计划2', 'testcase_info': ['test_contact2.py']}, {'id': 3, 'name': '企业微信计划3', 'testcase_info': ['test_contact.py', 'test_contact2.py']}, {'id': 5, 'name': '企业微信计划9', 'testcase_info': ['test_contact2.py']}, {'id': 4, 'name': '测试计划', 'testcase_info': ['test_contact.py']}] 
[2022-12-27 23:53:22] [INFO] [Build_Server.py]/[line: 34]/[get] 测试计划获取接口接收到的参数 <===== 6 
[2022-12-27 23:53:22] [DEBUG] [Build.py]/[line: 37]/[get_objs_by_plan_id] 获取到的构建记录的列表为[<BuildModel 6>] 
[2022-12-27 23:53:22] [INFO] [Build.py]/[line: 28]/[get] 获取到的构建记录的数据为->[{'plan_id': 6, 'report': 'http://43.142.75.212:8080/job/wechat/16/allure', 'created_at': '2022-12-27 23:37:11'}] 
[2022-12-27 23:55:19] [INFO] [Plan_Server.py]/[line: 33]/[get] type(request.args) <===== <class 'werkzeug.datastructures.ImmutableMultiDict'> 
[2022-12-27 23:55:19] [INFO] [Plan_Server.py]/[line: 34]/[get] 测试计划获取接口接收到的参数 <===== None 
[2022-12-27 23:55:20] [DEBUG] [Plan.py]/[line: 74]/[get_objs] 获取到的测试计划的列表为[<PlanModel 6>, <PlanModel 1>, <PlanModel 2>, <PlanModel 3>, <PlanModel 5>, <PlanModel 4>] 
[2022-12-27 23:55:20] [INFO] [Plan.py]/[line: 66]/[get] 获取到的测试计划的数据为->[{'id': 6, 'name': '企业微信测试计划18', 'testcase_info': ['test_contact18.py']}, {'id': 1, 'name': '企业微信计划', 'testcase_info': ['test_contact.py']}, {'id': 2, 'name': '企业微信计划2', 'testcase_info': ['test_contact2.py']}, {'id': 3, 'name': '企业微信计划3', 'testcase_info': ['test_contact.py', 'test_contact2.py']}, {'id': 5, 'name': '企业微信计划9', 'testcase_info': ['test_contact2.py']}, {'id': 4, 'name': '测试计划', 'testcase_info': ['test_contact.py']}] 
[2022-12-27 23:57:03] [INFO] [TestCase_Server.py]/[line: 33]/[get] type(request.args) <===== <class 'werkzeug.datastructures.ImmutableMultiDict'> 
[2022-12-27 23:57:03] [INFO] [TestCase_Server.py]/[line: 34]/[get] 接收到的参数 <===== None 
[2022-12-27 23:57:04] [INFO] [TestCase.py]/[line: 31]/[get] 要返回的数据为<======[{'id': 1, 'case_title': 'test_contact.py', 'remark': '企业微信测试用例'}, {'id': 2, 'case_title': 'test_contact2.py', 'remark': '企业微信测试用例2'}, {'id': 11, 'case_title': '规划局将', 'remark': '而儿童'}, {'id': 14, 'case_title': '沃尔沃二', 'remark': '是的发生的'}, {'id': 18, 'case_title': 'test_contact18.py', 'remark': '企业微信20'}] 
[2022-12-27 23:57:16] [INFO] [Plan_Server.py]/[line: 33]/[get] type(request.args) <===== <class 'werkzeug.datastructures.ImmutableMultiDict'> 
[2022-12-27 23:57:16] [INFO] [Plan_Server.py]/[line: 34]/[get] 测试计划获取接口接收到的参数 <===== None 
[2022-12-27 23:57:16] [DEBUG] [Plan.py]/[line: 74]/[get_objs] 获取到的测试计划的列表为[<PlanModel 6>, <PlanModel 1>, <PlanModel 2>, <PlanModel 3>, <PlanModel 5>, <PlanModel 4>] 
[2022-12-27 23:57:16] [INFO] [Plan.py]/[line: 66]/[get] 获取到的测试计划的数据为->[{'id': 6, 'name': '企业微信测试计划18', 'testcase_info': ['test_contact18.py']}, {'id': 1, 'name': '企业微信计划', 'testcase_info': ['test_contact.py']}, {'id': 2, 'name': '企业微信计划2', 'testcase_info': ['test_contact2.py']}, {'id': 3, 'name': '企业微信计划3', 'testcase_info': ['test_contact.py', 'test_contact2.py']}, {'id': 5, 'name': '企业微信计划9', 'testcase_info': ['test_contact2.py']}, {'id': 4, 'name': '测试计划', 'testcase_info': ['test_contact.py']}] 
[2022-12-27 23:57:58] [INFO] [Build_Server.py]/[line: 34]/[get] 测试计划获取接口接收到的参数 <===== 5 
[2022-12-27 23:57:59] [DEBUG] [Build.py]/[line: 37]/[get_objs_by_plan_id] 获取到的构建记录的列表为[<BuildModel 5>] 
[2022-12-27 23:57:59] [INFO] [Build.py]/[line: 28]/[get] 获取到的构建记录的数据为->[{'plan_id': 5, 'report': 'http://43.142.75.212:8080/job/wechat/13/allure', 'created_at': '2022-12-25 22:38:05'}] 
[2022-12-27 23:58:35] [INFO] [TestCase_Server.py]/[line: 33]/[get] type(request.args) <===== <class 'werkzeug.datastructures.ImmutableMultiDict'> 
[2022-12-27 23:58:35] [INFO] [TestCase_Server.py]/[line: 34]/[get] 接收到的参数 <===== None 
[2022-12-27 23:58:35] [INFO] [TestCase.py]/[line: 31]/[get] 要返回的数据为<======[{'id': 1, 'case_title': 'test_contact.py', 'remark': '企业微信测试用例'}, {'id': 2, 'case_title': 'test_contact2.py', 'remark': '企业微信测试用例2'}, {'id': 11, 'case_title': '规划局将', 'remark': '而儿童'}, {'id': 14, 'case_title': '沃尔沃二', 'remark': '是的发生的'}, {'id': 18, 'case_title': 'test_contact18.py', 'remark': '企业微信20'}] 
